{"/home/travis/build/npmtest/node-npmtest-wpapi/test.js":{"path":"/home/travis/build/npmtest/node-npmtest-wpapi/test.js","s":{"1":2,"2":2,"3":2,"4":2,"5":2,"6":2,"7":2,"8":1,"9":2,"10":2,"11":1,"12":1,"13":1,"14":1,"15":2,"16":2,"17":2,"18":2,"19":1,"20":1,"21":2,"22":2,"23":2,"24":1,"25":1,"26":1,"27":1,"28":1,"29":1,"30":1,"31":1,"32":1,"33":1,"34":1,"35":1,"36":1,"37":1,"38":1,"39":2,"40":2,"41":1,"42":2,"43":2,"44":1,"45":2,"46":2,"47":1,"48":2,"49":2,"50":1,"51":1,"52":1,"53":1,"54":1},"b":{"1":[2,1,1,1],"2":[1,1,1,1],"3":[1,1],"4":[1,1],"5":[1,1],"6":[1,1],"7":[1,1],"8":[1,1],"9":[1,1],"10":[1,1,1],"11":[1,1],"12":[1,1],"13":[1,1],"14":[1,1],"15":[1,1],"16":[1,1],"17":[1,1]},"f":{"1":2,"2":2,"3":2,"4":2,"5":2,"6":1,"7":1,"8":1,"9":2,"10":2,"11":2,"12":2,"13":1},"fnMap":{"1":{"name":"(anonymous_1)","line":12,"loc":{"start":{"line":12,"column":1},"end":{"line":12,"column":13}}},"2":{"name":"(anonymous_2)","line":19,"loc":{"start":{"line":19,"column":5},"end":{"line":19,"column":17}}},"3":{"name":"(anonymous_3)","line":23,"loc":{"start":{"line":23,"column":24},"end":{"line":23,"column":36}}},"4":{"name":"(anonymous_4)","line":61,"loc":{"start":{"line":61,"column":5},"end":{"line":61,"column":17}}},"5":{"name":"(anonymous_5)","line":82,"loc":{"start":{"line":82,"column":5},"end":{"line":82,"column":17}}},"6":{"name":"(anonymous_6)","line":91,"loc":{"start":{"line":91,"column":77},"end":{"line":94,"column":10}}},"7":{"name":"(anonymous_7)","line":112,"loc":{"start":{"line":112,"column":83},"end":{"line":115,"column":10}},"skip":true},"8":{"name":"(anonymous_8)","line":123,"loc":{"start":{"line":123,"column":77},"end":{"line":126,"column":10}},"skip":true},"9":{"name":"(anonymous_9)","line":139,"loc":{"start":{"line":139,"column":12},"end":{"line":139,"column":40}},"skip":true},"10":{"name":"(anonymous_10)","line":147,"loc":{"start":{"line":147,"column":77},"end":{"line":150,"column":10}},"skip":true},"11":{"name":"(anonymous_11)","line":158,"loc":{"start":{"line":158,"column":83},"end":{"line":161,"column":10}},"skip":true},"12":{"name":"(anonymous_12)","line":169,"loc":{"start":{"line":169,"column":79},"end":{"line":172,"column":10}},"skip":true},"13":{"name":"(anonymous_13)","line":180,"loc":{"start":{"line":180,"column":75},"end":{"line":183,"column":10}},"skip":true}},"statementMap":{"1":{"start":{"line":12,"column":0},"end":{"line":195,"column":5}},"2":{"start":{"line":14,"column":4},"end":{"line":14,"column":14}},"3":{"start":{"line":19,"column":4},"end":{"line":56,"column":9}},"4":{"start":{"line":21,"column":8},"end":{"line":21,"column":19}},"5":{"start":{"line":23,"column":8},"end":{"line":35,"column":13}},"6":{"start":{"line":24,"column":12},"end":{"line":34,"column":13}},"7":{"start":{"line":25,"column":16},"end":{"line":28,"column":30}},"8":{"start":{"line":30,"column":16},"end":{"line":33,"column":27}},"9":{"start":{"line":37,"column":8},"end":{"line":39,"column":21}},"10":{"start":{"line":40,"column":8},"end":{"line":53,"column":9}},"11":{"start":{"line":43,"column":12},"end":{"line":46,"column":14}},"12":{"start":{"line":47,"column":12},"end":{"line":47,"column":18}},"13":{"start":{"line":50,"column":12},"end":{"line":51,"column":33}},"14":{"start":{"line":52,"column":12},"end":{"line":52,"column":18}},"15":{"start":{"line":55,"column":8},"end":{"line":55,"column":35}},"16":{"start":{"line":61,"column":4},"end":{"line":63,"column":9}},"17":{"start":{"line":62,"column":8},"end":{"line":62,"column":15}},"18":{"start":{"line":64,"column":4},"end":{"line":77,"column":5}},"19":{"start":{"line":70,"column":8},"end":{"line":70,"column":14}},"20":{"start":{"line":76,"column":8},"end":{"line":76,"column":14}},"21":{"start":{"line":82,"column":4},"end":{"line":84,"column":9}},"22":{"start":{"line":83,"column":8},"end":{"line":83,"column":15}},"23":{"start":{"line":85,"column":4},"end":{"line":194,"column":5}},"24":{"start":{"line":91,"column":8},"end":{"line":99,"column":10}},"25":{"start":{"line":98,"column":12},"end":{"line":98,"column":35}},"26":{"start":{"line":102,"column":8},"end":{"line":104,"column":63}},"27":{"start":{"line":105,"column":8},"end":{"line":105,"column":14}},"28":{"start":{"line":112,"column":8},"end":{"line":121,"column":10},"skip":true},"29":{"start":{"line":119,"column":12},"end":{"line":119,"column":55},"skip":true},"30":{"start":{"line":120,"column":12},"end":{"line":120,"column":48},"skip":true},"31":{"start":{"line":123,"column":8},"end":{"line":136,"column":10},"skip":true},"32":{"start":{"line":130,"column":12},"end":{"line":130,"column":76},"skip":true},"33":{"start":{"line":131,"column":12},"end":{"line":131,"column":73},"skip":true},"34":{"start":{"line":132,"column":12},"end":{"line":132,"column":74},"skip":true},"35":{"start":{"line":133,"column":12},"end":{"line":133,"column":79},"skip":true},"36":{"start":{"line":134,"column":12},"end":{"line":134,"column":25},"skip":true},"37":{"start":{"line":135,"column":12},"end":{"line":135,"column":45},"skip":true},"38":{"start":{"line":138,"column":8},"end":{"line":145,"column":14},"skip":true},"39":{"start":{"line":143,"column":16},"end":{"line":143,"column":29},"skip":true},"40":{"start":{"line":144,"column":16},"end":{"line":144,"column":55},"skip":true},"41":{"start":{"line":147,"column":8},"end":{"line":156,"column":10},"skip":true},"42":{"start":{"line":154,"column":12},"end":{"line":154,"column":25},"skip":true},"43":{"start":{"line":155,"column":12},"end":{"line":155,"column":45},"skip":true},"44":{"start":{"line":158,"column":8},"end":{"line":167,"column":10},"skip":true},"45":{"start":{"line":165,"column":12},"end":{"line":165,"column":25},"skip":true},"46":{"start":{"line":166,"column":12},"end":{"line":166,"column":48},"skip":true},"47":{"start":{"line":169,"column":8},"end":{"line":178,"column":10},"skip":true},"48":{"start":{"line":176,"column":12},"end":{"line":176,"column":25},"skip":true},"49":{"start":{"line":177,"column":12},"end":{"line":177,"column":46},"skip":true},"50":{"start":{"line":180,"column":8},"end":{"line":189,"column":10},"skip":true},"51":{"start":{"line":187,"column":12},"end":{"line":187,"column":94},"skip":true},"52":{"start":{"line":188,"column":12},"end":{"line":188,"column":48},"skip":true},"53":{"start":{"line":192,"column":8},"end":{"line":192,"column":35},"skip":true},"54":{"start":{"line":193,"column":8},"end":{"line":193,"column":14},"skip":true}},"branchMap":{"1":{"line":25,"type":"binary-expr","locations":[{"start":{"line":25,"column":23},"end":{"line":25,"column":62}},{"start":{"line":26,"column":20},"end":{"line":26,"column":70}},{"start":{"line":27,"column":20},"end":{"line":27,"column":71}},{"start":{"line":28,"column":20},"end":{"line":28,"column":29}}]},"2":{"line":30,"type":"binary-expr","locations":[{"start":{"line":30,"column":23},"end":{"line":30,"column":37}},{"start":{"line":31,"column":20},"end":{"line":31,"column":61}},{"start":{"line":32,"column":20},"end":{"line":32,"column":70}},{"start":{"line":33,"column":20},"end":{"line":33,"column":26}}]},"3":{"line":37,"type":"cond-expr","locations":[{"start":{"line":38,"column":14},"end":{"line":38,"column":20}},{"start":{"line":39,"column":14},"end":{"line":39,"column":20}}]},"4":{"line":40,"type":"switch","locations":[{"start":{"line":42,"column":8},"end":{"line":47,"column":18}},{"start":{"line":49,"column":8},"end":{"line":52,"column":18}}]},"5":{"line":44,"type":"binary-expr","locations":[{"start":{"line":44,"column":16},"end":{"line":44,"column":44}},{"start":{"line":44,"column":48},"end":{"line":44,"column":66}}]},"6":{"line":50,"type":"binary-expr","locations":[{"start":{"line":50,"column":21},"end":{"line":50,"column":49}},{"start":{"line":50,"column":53},"end":{"line":50,"column":72}}]},"7":{"line":64,"type":"switch","locations":[{"start":{"line":69,"column":4},"end":{"line":70,"column":14}},{"start":{"line":75,"column":4},"end":{"line":76,"column":14}}]},"8":{"line":85,"type":"switch","locations":[{"start":{"line":90,"column":4},"end":{"line":105,"column":14}},{"start":{"line":111,"column":4},"end":{"line":193,"column":14},"skip":true}]},"9":{"line":91,"type":"binary-expr","locations":[{"start":{"line":91,"column":42},"end":{"line":91,"column":73}},{"start":{"line":91,"column":77},"end":{"line":99,"column":9}}]},"10":{"line":102,"type":"binary-expr","locations":[{"start":{"line":102,"column":18},"end":{"line":102,"column":32}},{"start":{"line":103,"column":12},"end":{"line":103,"column":53}},{"start":{"line":104,"column":12},"end":{"line":104,"column":61}}]},"11":{"line":112,"type":"binary-expr","locations":[{"start":{"line":112,"column":45},"end":{"line":112,"column":79},"skip":true},{"start":{"line":112,"column":83},"end":{"line":121,"column":9},"skip":true}]},"12":{"line":123,"type":"binary-expr","locations":[{"start":{"line":123,"column":42},"end":{"line":123,"column":73},"skip":true},{"start":{"line":123,"column":77},"end":{"line":136,"column":9},"skip":true}]},"13":{"line":138,"type":"binary-expr","locations":[{"start":{"line":138,"column":48},"end":{"line":138,"column":85},"skip":true},{"start":{"line":139,"column":12},"end":{"line":145,"column":13},"skip":true}]},"14":{"line":147,"type":"binary-expr","locations":[{"start":{"line":147,"column":42},"end":{"line":147,"column":73},"skip":true},{"start":{"line":147,"column":77},"end":{"line":156,"column":9},"skip":true}]},"15":{"line":158,"type":"binary-expr","locations":[{"start":{"line":158,"column":45},"end":{"line":158,"column":79},"skip":true},{"start":{"line":158,"column":83},"end":{"line":167,"column":9},"skip":true}]},"16":{"line":169,"type":"binary-expr","locations":[{"start":{"line":169,"column":43},"end":{"line":169,"column":75},"skip":true},{"start":{"line":169,"column":79},"end":{"line":178,"column":9},"skip":true}]},"17":{"line":180,"type":"binary-expr","locations":[{"start":{"line":180,"column":41},"end":{"line":180,"column":71},"skip":true},{"start":{"line":180,"column":75},"end":{"line":189,"column":9},"skip":true}]}},"code":["/* istanbul instrument in package npmtest_wpapi */","/*jslint","    bitwise: true,","    browser: true,","    maxerr: 8,","    maxlen: 96,","    node: true,","    nomen: true,","    regexp: true,","    stupid: true","*/","(function () {","    'use strict';","    var local;","","","","    // run shared js-env code - init-before","    (function () {","        // init local","        local = {};","        // init modeJs","        local.modeJs = (function () {","            try {","                return typeof navigator.userAgent === 'string' &&","                    typeof document.querySelector('body') === 'object' &&","                    typeof XMLHttpRequest.prototype.open === 'function' &&","                    'browser';","            } catch (errorCaughtBrowser) {","                return module.exports &&","                    typeof process.versions.node === 'string' &&","                    typeof require('http').createServer === 'function' &&","                    'node';","            }","        }());","        // init global","        local.global = local.modeJs === 'browser'","            ? window","            : global;","        switch (local.modeJs) {","        // re-init local from window.local","        case 'browser':","            local = local.global.utility2.objectSetDefault(","                local.global.utility2_rollup || local.global.local,","                local.global.utility2","            );","            break;","        // re-init local from example.js","        case 'node':","            local = (local.global.utility2_rollup || require('utility2'))","                .requireReadme();","            break;","        }","        // export local","        local.global.local = local;","    }());","","","","    // run shared js-env code - function","    (function () {","        return;","    }());","    switch (local.modeJs) {","","","","    // run browser js-env code - function","    case 'browser':","        break;","","","","    // run node js-env code - function","    case 'node':","        break;","    }","","","","    // run shared js-env code - init-after","    (function () {","        return;","    }());","    switch (local.modeJs) {","","","","    // run browser js-env code - init-after","    case 'browser':","        local.testCase_browser_nullCase = local.testCase_browser_nullCase || function (","            options,","            onError","        ) {","        /*","         * this function will test browsers's null-case handling-behavior-behavior","         */","            onError(null, options);","        };","","        // run tests","        local.nop(local.modeTest &&","            document.querySelector('#testRunButton1') &&","            document.querySelector('#testRunButton1').click());","        break;","","","","    // run node js-env code - init-after","    /* istanbul ignore next */","    case 'node':","        local.testCase_buildApidoc_default = local.testCase_buildApidoc_default || function (","            options,","            onError","        ) {","        /*","         * this function will test buildApidoc's default handling-behavior-behavior","         */","            options = { modulePathList: module.paths };","            local.buildApidoc(options, onError);","        };","","        local.testCase_buildApp_default = local.testCase_buildApp_default || function (","            options,","            onError","        ) {","        /*","         * this function will test buildApp's default handling-behavior-behavior","         */","            local.testCase_buildReadme_default(options, local.onErrorThrow);","            local.testCase_buildLib_default(options, local.onErrorThrow);","            local.testCase_buildTest_default(options, local.onErrorThrow);","            local.testCase_buildCustomOrg_default(options, local.onErrorThrow);","            options = [];","            local.buildApp(options, onError);","        };","","        local.testCase_buildCustomOrg_default = local.testCase_buildCustomOrg_default ||","            function (options, onError) {","            /*","             * this function will test buildCustomOrg's default handling-behavior","             */","                options = {};","                local.buildCustomOrg(options, onError);","            };","","        local.testCase_buildLib_default = local.testCase_buildLib_default || function (","            options,","            onError","        ) {","        /*","         * this function will test buildLib's default handling-behavior","         */","            options = {};","            local.buildLib(options, onError);","        };","","        local.testCase_buildReadme_default = local.testCase_buildReadme_default || function (","            options,","            onError","        ) {","        /*","         * this function will test buildReadme's default handling-behavior-behavior","         */","            options = {};","            local.buildReadme(options, onError);","        };","","        local.testCase_buildTest_default = local.testCase_buildTest_default || function (","            options,","            onError","        ) {","        /*","         * this function will test buildTest's default handling-behavior","         */","            options = {};","            local.buildTest(options, onError);","        };","","        local.testCase_webpage_default = local.testCase_webpage_default || function (","            options,","            onError","        ) {","        /*","         * this function will test webpage's default handling-behavior","         */","            options = { modeCoverageMerge: true, url: local.serverLocalHost + '?modeTest=1' };","            local.browserTest(options, onError);","        };","","        // run test-server","        local.testRunServer(local);","        break;","    }","}());",""],"l":{"12":2,"14":2,"19":2,"21":2,"23":2,"24":2,"25":2,"30":1,"37":2,"40":2,"43":1,"47":1,"50":1,"52":1,"55":2,"61":2,"62":2,"64":2,"70":1,"76":1,"82":2,"83":2,"85":2,"91":1,"98":1,"102":1,"105":1,"112":1,"119":1,"120":1,"123":1,"130":1,"131":1,"132":1,"133":1,"134":1,"135":1,"138":1,"143":2,"144":2,"147":1,"154":2,"155":2,"158":1,"165":2,"166":2,"169":1,"176":2,"177":2,"180":1,"187":1,"188":1,"192":1,"193":1}},"/home/travis/build/npmtest/node-npmtest-wpapi/lib.npmtest_wpapi.js":{"path":"/home/travis/build/npmtest/node-npmtest-wpapi/lib.npmtest_wpapi.js","s":{"1":2,"2":2,"3":2,"4":2,"5":2,"6":2,"7":2,"8":1,"9":2,"10":2,"11":2,"12":2,"13":1,"14":1,"15":1,"16":1},"b":{"1":[2,1,1,1],"2":[1,1,1,1],"3":[1,1],"4":[2,2],"5":[1,1]},"f":{"1":2,"2":2,"3":2},"fnMap":{"1":{"name":"(anonymous_1)","line":12,"loc":{"start":{"line":12,"column":1},"end":{"line":12,"column":13}}},"2":{"name":"(anonymous_2)","line":19,"loc":{"start":{"line":19,"column":5},"end":{"line":19,"column":17}}},"3":{"name":"(anonymous_3)","line":23,"loc":{"start":{"line":23,"column":24},"end":{"line":23,"column":36}}}},"statementMap":{"1":{"start":{"line":12,"column":0},"end":{"line":53,"column":5}},"2":{"start":{"line":14,"column":4},"end":{"line":14,"column":14}},"3":{"start":{"line":19,"column":4},"end":{"line":52,"column":9}},"4":{"start":{"line":21,"column":8},"end":{"line":21,"column":19}},"5":{"start":{"line":23,"column":8},"end":{"line":35,"column":13}},"6":{"start":{"line":24,"column":12},"end":{"line":34,"column":13}},"7":{"start":{"line":25,"column":16},"end":{"line":28,"column":30}},"8":{"start":{"line":30,"column":16},"end":{"line":33,"column":27}},"9":{"start":{"line":37,"column":8},"end":{"line":39,"column":21}},"10":{"start":{"line":41,"column":8},"end":{"line":41,"column":54}},"11":{"start":{"line":43,"column":8},"end":{"line":43,"column":50}},"12":{"start":{"line":45,"column":8},"end":{"line":51,"column":9}},"13":{"start":{"line":46,"column":12},"end":{"line":46,"column":56}},"14":{"start":{"line":48,"column":12},"end":{"line":48,"column":35}},"15":{"start":{"line":49,"column":12},"end":{"line":49,"column":49}},"16":{"start":{"line":50,"column":12},"end":{"line":50,"column":43}}},"branchMap":{"1":{"line":25,"type":"binary-expr","locations":[{"start":{"line":25,"column":23},"end":{"line":25,"column":62}},{"start":{"line":26,"column":20},"end":{"line":26,"column":70}},{"start":{"line":27,"column":20},"end":{"line":27,"column":71}},{"start":{"line":28,"column":20},"end":{"line":28,"column":29}}]},"2":{"line":30,"type":"binary-expr","locations":[{"start":{"line":30,"column":23},"end":{"line":30,"column":37}},{"start":{"line":31,"column":20},"end":{"line":31,"column":61}},{"start":{"line":32,"column":20},"end":{"line":32,"column":70}},{"start":{"line":33,"column":20},"end":{"line":33,"column":26}}]},"3":{"line":37,"type":"cond-expr","locations":[{"start":{"line":38,"column":14},"end":{"line":38,"column":20}},{"start":{"line":39,"column":14},"end":{"line":39,"column":20}}]},"4":{"line":41,"type":"binary-expr","locations":[{"start":{"line":41,"column":16},"end":{"line":41,"column":44}},{"start":{"line":41,"column":48},"end":{"line":41,"column":53}}]},"5":{"line":45,"type":"if","locations":[{"start":{"line":45,"column":8},"end":{"line":45,"column":8}},{"start":{"line":45,"column":8},"end":{"line":45,"column":8}}]}},"code":["/* istanbul instrument in package npmtest_wpapi */","/*jslint","    bitwise: true,","    browser: true,","    maxerr: 8,","    maxlen: 96,","    node: true,","    nomen: true,","    regexp: true,","    stupid: true","*/","(function () {","    'use strict';","    var local;","","","","    // run shared js-env code - init-before","    (function () {","        // init local","        local = {};","        // init modeJs","        local.modeJs = (function () {","            try {","                return typeof navigator.userAgent === 'string' &&","                    typeof document.querySelector('body') === 'object' &&","                    typeof XMLHttpRequest.prototype.open === 'function' &&","                    'browser';","            } catch (errorCaughtBrowser) {","                return module.exports &&","                    typeof process.versions.node === 'string' &&","                    typeof require('http').createServer === 'function' &&","                    'node';","            }","        }());","        // init global","        local.global = local.modeJs === 'browser'","            ? window","            : global;","        // init utility2_rollup","        local = local.global.utility2_rollup || local;","        // init lib","        local.local = local.npmtest_wpapi = local;","        // init exports","        if (local.modeJs === 'browser') {","            local.global.utility2_npmtest_wpapi = local;","        } else {","            module.exports = local;","            module.exports.__dirname = __dirname;","            module.exports.module = module;","        }","    }());","}());",""],"l":{"12":2,"14":2,"19":2,"21":2,"23":2,"24":2,"25":2,"30":1,"37":2,"41":2,"43":2,"45":2,"46":1,"48":1,"49":1,"50":1}},"/home/travis/build/npmtest/node-npmtest-wpapi/example.js":{"path":"/home/travis/build/npmtest/node-npmtest-wpapi/example.js","s":{"1":2,"2":2,"3":2,"4":2,"5":2,"6":2,"7":2,"8":1,"9":2,"10":2,"11":2,"12":2,"13":1,"14":2,"15":2,"16":2,"17":2,"18":2,"19":0,"20":2,"21":1,"22":1,"23":1,"24":1,"25":1,"26":0,"27":0,"28":1,"29":1,"30":2,"31":0,"32":0,"33":0,"34":1,"35":2,"36":2,"37":3,"38":3,"39":3,"40":3,"41":0,"42":3,"43":3,"44":3,"45":1,"46":3,"47":1,"48":1,"49":1,"50":1,"51":1,"52":1,"53":1,"54":1,"55":1,"56":1,"57":0,"58":1,"59":6,"60":6,"61":1,"62":2,"63":0,"64":2,"65":1,"66":1,"67":0,"68":0,"69":0,"70":0,"71":0,"72":0,"73":0,"74":0,"75":0,"76":0,"77":0,"78":0,"79":0,"80":0,"81":0,"82":0,"83":0},"b":{"1":[2,1,1,1],"2":[1,1,1,1],"3":[1,1],"4":[2,2],"5":[1,1],"6":[1,1],"7":[2,0],"8":[2,1,1,1,1,1],"9":[0,2,0],"10":[1,1],"11":[2,1,1],"12":[1,0],"13":[0,2],"14":[2,0,0,0,0,0,0],"15":[0,3],"16":[3,0],"17":[1,1],"18":[0,1],"19":[1,2,0,2],"20":[1,0],"21":[1,1],"22":[0,0],"23":[0,0],"24":[0,0],"25":[0,0],"26":[0,0],"27":[0,0],"28":[0,0]},"f":{"1":2,"2":2,"3":2,"4":2,"5":2,"6":2,"7":3,"8":3,"9":3,"10":1,"11":6,"12":0},"fnMap":{"1":{"name":"(anonymous_1)","line":26,"loc":{"start":{"line":26,"column":1},"end":{"line":26,"column":13}}},"2":{"name":"(anonymous_2)","line":33,"loc":{"start":{"line":33,"column":5},"end":{"line":33,"column":17}}},"3":{"name":"(anonymous_3)","line":37,"loc":{"start":{"line":37,"column":24},"end":{"line":37,"column":36}}},"4":{"name":"(anonymous_4)","line":69,"loc":{"start":{"line":69,"column":31},"end":{"line":69,"column":48}},"skip":true},"5":{"name":"(anonymous_5)","line":78,"loc":{"start":{"line":78,"column":26},"end":{"line":78,"column":45}},"skip":true},"6":{"name":"(anonymous_6)","line":123,"loc":{"start":{"line":123,"column":33},"end":{"line":123,"column":48}},"skip":true},"7":{"name":"(anonymous_7)","line":125,"loc":{"start":{"line":125,"column":27},"end":{"line":125,"column":39}},"skip":true},"8":{"name":"(anonymous_8)","line":133,"loc":{"start":{"line":133,"column":59},"end":{"line":133,"column":74}},"skip":true},"9":{"name":"(anonymous_9)","line":143,"loc":{"start":{"line":143,"column":45},"end":{"line":143,"column":62}},"skip":true},"10":{"name":"(anonymous_10)","line":144,"loc":{"start":{"line":144,"column":73},"end":{"line":144,"column":92}},"skip":true},"11":{"name":"(anonymous_11)","line":272,"loc":{"start":{"line":272,"column":51},"end":{"line":272,"column":77}},"skip":true},"12":{"name":"(anonymous_12)","line":315,"loc":{"start":{"line":315,"column":32},"end":{"line":315,"column":61}},"skip":true}},"statementMap":{"1":{"start":{"line":26,"column":0},"end":{"line":326,"column":5}},"2":{"start":{"line":28,"column":4},"end":{"line":28,"column":14}},"3":{"start":{"line":33,"column":4},"end":{"line":60,"column":9}},"4":{"start":{"line":35,"column":8},"end":{"line":35,"column":19}},"5":{"start":{"line":37,"column":8},"end":{"line":49,"column":13}},"6":{"start":{"line":38,"column":12},"end":{"line":48,"column":13}},"7":{"start":{"line":39,"column":16},"end":{"line":42,"column":30}},"8":{"start":{"line":44,"column":16},"end":{"line":47,"column":27}},"9":{"start":{"line":51,"column":8},"end":{"line":53,"column":21}},"10":{"start":{"line":55,"column":8},"end":{"line":57,"column":45}},"11":{"start":{"line":59,"column":8},"end":{"line":59,"column":35}},"12":{"start":{"line":61,"column":4},"end":{"line":325,"column":5}},"13":{"start":{"line":69,"column":8},"end":{"line":121,"column":10},"skip":true},"14":{"start":{"line":70,"column":12},"end":{"line":88,"column":13},"skip":true},"15":{"start":{"line":76,"column":16},"end":{"line":87,"column":19},"skip":true},"16":{"start":{"line":79,"column":20},"end":{"line":86,"column":21},"skip":true},"17":{"start":{"line":82,"column":24},"end":{"line":82,"column":43},"skip":true},"18":{"start":{"line":83,"column":24},"end":{"line":83,"column":30},"skip":true},"19":{"start":{"line":85,"column":24},"end":{"line":85,"column":49},"skip":true},"20":{"start":{"line":89,"column":12},"end":{"line":107,"column":13},"skip":true},"21":{"start":{"line":92,"column":16},"end":{"line":102,"column":17},"skip":true},"22":{"start":{"line":93,"column":20},"end":{"line":93,"column":86},"skip":true},"23":{"start":{"line":94,"column":20},"end":{"line":95,"column":45},"skip":true},"24":{"start":{"line":96,"column":20},"end":{"line":96,"column":42},"skip":true},"25":{"start":{"line":97,"column":20},"end":{"line":97,"column":48},"skip":true},"26":{"start":{"line":100,"column":20},"end":{"line":100,"column":85},"skip":true},"27":{"start":{"line":101,"column":20},"end":{"line":101,"column":96},"skip":true},"28":{"start":{"line":103,"column":16},"end":{"line":103,"column":22},"skip":true},"29":{"start":{"line":106,"column":16},"end":{"line":106,"column":22},"skip":true},"30":{"start":{"line":108,"column":12},"end":{"line":120,"column":13},"skip":true},"31":{"start":{"line":114,"column":16},"end":{"line":119,"column":17},"skip":true},"32":{"start":{"line":116,"column":20},"end":{"line":116,"column":78},"skip":true},"33":{"start":{"line":118,"column":20},"end":{"line":118,"column":47},"skip":true},"34":{"start":{"line":123,"column":8},"end":{"line":141,"column":11},"skip":true},"35":{"start":{"line":124,"column":12},"end":{"line":124,"column":54},"skip":true},"36":{"start":{"line":125,"column":12},"end":{"line":140,"column":14},"skip":true},"37":{"start":{"line":126,"column":16},"end":{"line":126,"column":28},"skip":true},"38":{"start":{"line":127,"column":16},"end":{"line":127,"column":69},"skip":true},"39":{"start":{"line":128,"column":16},"end":{"line":128,"column":75},"skip":true},"40":{"start":{"line":129,"column":16},"end":{"line":131,"column":17},"skip":true},"41":{"start":{"line":130,"column":20},"end":{"line":130,"column":27},"skip":true},"42":{"start":{"line":133,"column":16},"end":{"line":137,"column":36},"skip":true},"43":{"start":{"line":134,"column":20},"end":{"line":136,"column":55},"skip":true},"44":{"start":{"line":139,"column":16},"end":{"line":139,"column":57},"skip":true},"45":{"start":{"line":143,"column":8},"end":{"line":147,"column":11},"skip":true},"46":{"start":{"line":144,"column":12},"end":{"line":146,"column":15},"skip":true},"47":{"start":{"line":145,"column":16},"end":{"line":145,"column":70},"skip":true},"48":{"start":{"line":149,"column":8},"end":{"line":149,"column":31},"skip":true},"49":{"start":{"line":150,"column":8},"end":{"line":150,"column":14},"skip":true},"50":{"start":{"line":158,"column":8},"end":{"line":158,"column":31},"skip":true},"51":{"start":{"line":160,"column":8},"end":{"line":160,"column":33},"skip":true},"52":{"start":{"line":161,"column":8},"end":{"line":161,"column":37},"skip":true},"53":{"start":{"line":162,"column":8},"end":{"line":162,"column":35},"skip":true},"54":{"start":{"line":164,"column":8},"end":{"line":164,"column":50},"skip":true},"55":{"start":{"line":166,"column":8},"end":{"line":256,"column":2},"skip":true},"56":{"start":{"line":258,"column":8},"end":{"line":286,"column":9},"skip":true},"57":{"start":{"line":259,"column":12},"end":{"line":269,"column":14},"skip":true},"58":{"start":{"line":271,"column":12},"end":{"line":285,"column":19},"skip":true},"59":{"start":{"line":274,"column":20},"end":{"line":274,"column":35},"skip":true},"60":{"start":{"line":275,"column":20},"end":{"line":284,"column":21},"skip":true},"61":{"start":{"line":277,"column":24},"end":{"line":277,"column":64},"skip":true},"62":{"start":{"line":279,"column":24},"end":{"line":279,"column":40},"skip":true},"63":{"start":{"line":281,"column":24},"end":{"line":281,"column":40},"skip":true},"64":{"start":{"line":283,"column":24},"end":{"line":283,"column":39},"skip":true},"65":{"start":{"line":288,"column":8},"end":{"line":290,"column":9},"skip":true},"66":{"start":{"line":289,"column":12},"end":{"line":289,"column":18},"skip":true},"67":{"start":{"line":291,"column":8},"end":{"line":293,"column":54},"skip":true},"68":{"start":{"line":296,"column":8},"end":{"line":301,"column":37},"skip":true},"69":{"start":{"line":303,"column":8},"end":{"line":303,"column":82},"skip":true},"70":{"start":{"line":306,"column":8},"end":{"line":308,"column":9},"skip":true},"71":{"start":{"line":307,"column":12},"end":{"line":307,"column":82},"skip":true},"72":{"start":{"line":310,"column":8},"end":{"line":312,"column":9},"skip":true},"73":{"start":{"line":311,"column":12},"end":{"line":311,"column":18},"skip":true},"74":{"start":{"line":313,"column":8},"end":{"line":313,"column":54},"skip":true},"75":{"start":{"line":314,"column":8},"end":{"line":314,"column":69},"skip":true},"76":{"start":{"line":315,"column":8},"end":{"line":323,"column":36},"skip":true},"77":{"start":{"line":316,"column":12},"end":{"line":316,"column":61},"skip":true},"78":{"start":{"line":317,"column":12},"end":{"line":320,"column":13},"skip":true},"79":{"start":{"line":318,"column":16},"end":{"line":318,"column":75},"skip":true},"80":{"start":{"line":319,"column":16},"end":{"line":319,"column":23},"skip":true},"81":{"start":{"line":321,"column":12},"end":{"line":321,"column":38},"skip":true},"82":{"start":{"line":322,"column":12},"end":{"line":322,"column":27},"skip":true},"83":{"start":{"line":324,"column":8},"end":{"line":324,"column":14},"skip":true}},"branchMap":{"1":{"line":39,"type":"binary-expr","locations":[{"start":{"line":39,"column":23},"end":{"line":39,"column":62}},{"start":{"line":40,"column":20},"end":{"line":40,"column":70}},{"start":{"line":41,"column":20},"end":{"line":41,"column":71}},{"start":{"line":42,"column":20},"end":{"line":42,"column":29}}]},"2":{"line":44,"type":"binary-expr","locations":[{"start":{"line":44,"column":23},"end":{"line":44,"column":37}},{"start":{"line":45,"column":20},"end":{"line":45,"column":61}},{"start":{"line":46,"column":20},"end":{"line":46,"column":70}},{"start":{"line":47,"column":20},"end":{"line":47,"column":26}}]},"3":{"line":51,"type":"cond-expr","locations":[{"start":{"line":52,"column":14},"end":{"line":52,"column":20}},{"start":{"line":53,"column":14},"end":{"line":53,"column":20}}]},"4":{"line":55,"type":"binary-expr","locations":[{"start":{"line":55,"column":16},"end":{"line":55,"column":44}},{"start":{"line":55,"column":49},"end":{"line":57,"column":43}}]},"5":{"line":55,"type":"cond-expr","locations":[{"start":{"line":56,"column":14},"end":{"line":56,"column":49}},{"start":{"line":57,"column":14},"end":{"line":57,"column":43}}]},"6":{"line":61,"type":"switch","locations":[{"start":{"line":68,"column":4},"end":{"line":150,"column":14},"skip":true},{"start":{"line":156,"column":4},"end":{"line":324,"column":14},"skip":true}]},"7":{"line":70,"type":"if","locations":[{"start":{"line":70,"column":12},"end":{"line":70,"column":12},"skip":true},{"start":{"line":70,"column":12},"end":{"line":70,"column":12},"skip":true}]},"8":{"line":70,"type":"binary-expr","locations":[{"start":{"line":70,"column":16},"end":{"line":70,"column":22},"skip":true},{"start":{"line":70,"column":27},"end":{"line":70,"column":32},"skip":true},{"start":{"line":71,"column":20},"end":{"line":71,"column":39},"skip":true},{"start":{"line":72,"column":20},"end":{"line":72,"column":49},"skip":true},{"start":{"line":73,"column":20},"end":{"line":73,"column":58},"skip":true},{"start":{"line":74,"column":20},"end":{"line":74,"column":69},"skip":true}]},"9":{"line":79,"type":"switch","locations":[{"start":{"line":80,"column":20},"end":{"line":80,"column":33},"skip":true},{"start":{"line":81,"column":20},"end":{"line":83,"column":30},"skip":true},{"start":{"line":84,"column":20},"end":{"line":85,"column":49},"skip":true}]},"10":{"line":89,"type":"switch","locations":[{"start":{"line":90,"column":12},"end":{"line":103,"column":22},"skip":true},{"start":{"line":105,"column":12},"end":{"line":106,"column":22},"skip":true}]},"11":{"line":89,"type":"binary-expr","locations":[{"start":{"line":89,"column":20},"end":{"line":89,"column":25},"skip":true},{"start":{"line":89,"column":29},"end":{"line":89,"column":48},"skip":true},{"start":{"line":89,"column":52},"end":{"line":89,"column":74},"skip":true}]},"12":{"line":92,"type":"if","locations":[{"start":{"line":92,"column":16},"end":{"line":92,"column":16},"skip":true},{"start":{"line":92,"column":16},"end":{"line":92,"column":16},"skip":true}]},"13":{"line":108,"type":"if","locations":[{"start":{"line":108,"column":12},"end":{"line":108,"column":12},"skip":true},{"start":{"line":108,"column":12},"end":{"line":108,"column":12},"skip":true}]},"14":{"line":108,"type":"binary-expr","locations":[{"start":{"line":108,"column":16},"end":{"line":108,"column":61},"skip":true},{"start":{"line":108,"column":66},"end":{"line":108,"column":72},"skip":true},{"start":{"line":108,"column":77},"end":{"line":108,"column":82},"skip":true},{"start":{"line":109,"column":20},"end":{"line":109,"column":39},"skip":true},{"start":{"line":110,"column":20},"end":{"line":110,"column":49},"skip":true},{"start":{"line":111,"column":20},"end":{"line":111,"column":58},"skip":true},{"start":{"line":112,"column":20},"end":{"line":112,"column":68},"skip":true}]},"15":{"line":129,"type":"if","locations":[{"start":{"line":129,"column":16},"end":{"line":129,"column":16},"skip":true},{"start":{"line":129,"column":16},"end":{"line":129,"column":16},"skip":true}]},"16":{"line":134,"type":"cond-expr","locations":[{"start":{"line":135,"column":26},"end":{"line":135,"column":29},"skip":true},{"start":{"line":136,"column":26},"end":{"line":136,"column":54},"skip":true}]},"17":{"line":164,"type":"binary-expr","locations":[{"start":{"line":164,"column":27},"end":{"line":164,"column":43},"skip":true},{"start":{"line":164,"column":47},"end":{"line":164,"column":49},"skip":true}]},"18":{"line":258,"type":"if","locations":[{"start":{"line":258,"column":8},"end":{"line":258,"column":8},"skip":true},{"start":{"line":258,"column":8},"end":{"line":258,"column":8},"skip":true}]},"19":{"line":275,"type":"switch","locations":[{"start":{"line":276,"column":20},"end":{"line":277,"column":64},"skip":true},{"start":{"line":278,"column":20},"end":{"line":279,"column":40},"skip":true},{"start":{"line":280,"column":20},"end":{"line":281,"column":40},"skip":true},{"start":{"line":282,"column":20},"end":{"line":283,"column":39},"skip":true}]},"20":{"line":288,"type":"if","locations":[{"start":{"line":288,"column":8},"end":{"line":288,"column":8},"skip":true},{"start":{"line":288,"column":8},"end":{"line":288,"column":8},"skip":true}]},"21":{"line":288,"type":"binary-expr","locations":[{"start":{"line":288,"column":12},"end":{"line":288,"column":40},"skip":true},{"start":{"line":288,"column":44},"end":{"line":288,"column":67},"skip":true}]},"22":{"line":292,"type":"binary-expr","locations":[{"start":{"line":292,"column":12},"end":{"line":292,"column":50},"skip":true},{"start":{"line":293,"column":12},"end":{"line":293,"column":53},"skip":true}]},"23":{"line":297,"type":"binary-expr","locations":[{"start":{"line":297,"column":12},"end":{"line":297,"column":63},"skip":true},{"start":{"line":298,"column":12},"end":{"line":301,"column":36},"skip":true}]},"24":{"line":303,"type":"binary-expr","locations":[{"start":{"line":303,"column":43},"end":{"line":303,"column":75},"skip":true},{"start":{"line":303,"column":79},"end":{"line":303,"column":81},"skip":true}]},"25":{"line":306,"type":"if","locations":[{"start":{"line":306,"column":8},"end":{"line":306,"column":8},"skip":true},{"start":{"line":306,"column":8},"end":{"line":306,"column":8},"skip":true}]},"26":{"line":310,"type":"if","locations":[{"start":{"line":310,"column":8},"end":{"line":310,"column":8},"skip":true},{"start":{"line":310,"column":8},"end":{"line":310,"column":8},"skip":true}]},"27":{"line":313,"type":"binary-expr","locations":[{"start":{"line":313,"column":27},"end":{"line":313,"column":43},"skip":true},{"start":{"line":313,"column":47},"end":{"line":313,"column":53},"skip":true}]},"28":{"line":317,"type":"if","locations":[{"start":{"line":317,"column":12},"end":{"line":317,"column":12},"skip":true},{"start":{"line":317,"column":12},"end":{"line":317,"column":12},"skip":true}]}},"code":["/*","example.js","","quickstart example","","instruction","    1. save this script as example.js","    2. run the shell command:","        $ npm install npmtest-wpapi && PORT=8081 node example.js","    3. play with the browser-demo on http://127.0.0.1:8081","*/","","","","/* istanbul instrument in package npmtest_wpapi */","/*jslint","    bitwise: true,","    browser: true,","    maxerr: 8,","    maxlen: 96,","    node: true,","    nomen: true,","    regexp: true,","    stupid: true","*/","(function () {","    'use strict';","    var local;","","","","    // run shared js-env code - init-before","    (function () {","        // init local","        local = {};","        // init modeJs","        local.modeJs = (function () {","            try {","                return typeof navigator.userAgent === 'string' &&","                    typeof document.querySelector('body') === 'object' &&","                    typeof XMLHttpRequest.prototype.open === 'function' &&","                    'browser';","            } catch (errorCaughtBrowser) {","                return module.exports &&","                    typeof process.versions.node === 'string' &&","                    typeof require('http').createServer === 'function' &&","                    'node';","            }","        }());","        // init global","        local.global = local.modeJs === 'browser'","            ? window","            : global;","        // init utility2_rollup","        local = local.global.utility2_rollup || (local.modeJs === 'browser'","            ? local.global.utility2_npmtest_wpapi","            : global.utility2_moduleExports);","        // export local","        local.global.local = local;","    }());","    switch (local.modeJs) {","","","","    // init-after","    // run browser js-env code - init-after","    /* istanbul ignore next */","    case 'browser':","        local.testRunBrowser = function (event) {","            if (!event || (event &&","                    event.currentTarget &&","                    event.currentTarget.className &&","                    event.currentTarget.className.includes &&","                    event.currentTarget.className.includes('onreset'))) {","                // reset output","                Array.from(","                    document.querySelectorAll('body > .resettable')","                ).forEach(function (element) {","                    switch (element.tagName) {","                    case 'INPUT':","                    case 'TEXTAREA':","                        element.value = '';","                        break;","                    default:","                        element.textContent = '';","                    }","                });","            }","            switch (event && event.currentTarget && event.currentTarget.id) {","            case 'testRunButton1':","                // show tests","                if (document.querySelector('#testReportDiv1').style.display === 'none') {","                    document.querySelector('#testReportDiv1').style.display = 'block';","                    document.querySelector('#testRunButton1').textContent =","                        'hide internal test';","                    local.modeTest = true;","                    local.testRunDefault(local);","                // hide tests","                } else {","                    document.querySelector('#testReportDiv1').style.display = 'none';","                    document.querySelector('#testRunButton1').textContent = 'run internal test';","                }","                break;","            // custom-case","            default:","                break;","            }","            if (document.querySelector('#inputTextareaEval1') && (!event || (event &&","                    event.currentTarget &&","                    event.currentTarget.className &&","                    event.currentTarget.className.includes &&","                    event.currentTarget.className.includes('oneval')))) {","                // try to eval input-code","                try {","                    /*jslint evil: true*/","                    eval(document.querySelector('#inputTextareaEval1').value);","                } catch (errorCaught) {","                    console.error(errorCaught);","                }","            }","        };","        // log stderr and stdout to #outputTextareaStdout1","        ['error', 'log'].forEach(function (key) {","            console[key + '_original'] = console[key];","            console[key] = function () {","                var element;","                console[key + '_original'].apply(console, arguments);","                element = document.querySelector('#outputTextareaStdout1');","                if (!element) {","                    return;","                }","                // append text to #outputTextareaStdout1","                element.value += Array.from(arguments).map(function (arg) {","                    return typeof arg === 'string'","                        ? arg","                        : JSON.stringify(arg, null, 4);","                }).join(' ') + '\\n';","                // scroll textarea to bottom","                element.scrollTop = element.scrollHeight;","            };","        });","        // init event-handling","        ['change', 'click', 'keyup'].forEach(function (event) {","            Array.from(document.querySelectorAll('.on' + event)).forEach(function (element) {","                element.addEventListener(event, local.testRunBrowser);","            });","        });","        // run tests","        local.testRunBrowser();","        break;","","","","    // run node js-env code - init-after","    /* istanbul ignore next */","    case 'node':","        // export local","        module.exports = local;","        // require modules","        local.fs = require('fs');","        local.http = require('http');","        local.url = require('url');","        // init assets","        local.assetsDict = local.assetsDict || {};","        /* jslint-ignore-begin */","        local.assetsDict['/assets.index.template.html'] = '\\","<!doctype html>\\n\\","<html lang=\"en\">\\n\\","<head>\\n\\","<meta charset=\"UTF-8\">\\n\\","<meta name=\"viewport\" content=\"width=device-width, initial-scale=1\">\\n\\","<title>{{env.npm_package_name}} (v{{env.npm_package_version}})</title>\\n\\","<style>\\n\\","/*csslint\\n\\","    box-sizing: false,\\n\\","    universal-selector: false\\n\\","*/\\n\\","* {\\n\\","    box-sizing: border-box;\\n\\","}\\n\\","body {\\n\\","    background: #dde;\\n\\","    font-family: Arial, Helvetica, sans-serif;\\n\\","    margin: 2rem;\\n\\","}\\n\\","body > * {\\n\\","    margin-bottom: 1rem;\\n\\","}\\n\\",".utility2FooterDiv {\\n\\","    margin-top: 20px;\\n\\","    text-align: center;\\n\\","}\\n\\","</style>\\n\\","<style>\\n\\","/*csslint\\n\\","*/\\n\\","textarea {\\n\\","    font-family: monospace;\\n\\","    height: 10rem;\\n\\","    width: 100%;\\n\\","}\\n\\","textarea[readonly] {\\n\\","    background: #ddd;\\n\\","}\\n\\","</style>\\n\\","</head>\\n\\","<body>\\n\\","<!-- utility2-comment\\n\\","<div id=\"ajaxProgressDiv1\" style=\"background: #d00; height: 2px; left: 0; margin: 0; padding: 0; position: fixed; top: 0; transition: background 0.5s, width 1.5s; width: 25%;\"></div>\\n\\","utility2-comment -->\\n\\","<h1>\\n\\","<!-- utility2-comment\\n\\","    <a\\n\\","        {{#if env.npm_package_homepage}}\\n\\","        href=\"{{env.npm_package_homepage}}\"\\n\\","        {{/if env.npm_package_homepage}}\\n\\","        target=\"_blank\"\\n\\","    >\\n\\","utility2-comment -->\\n\\","        {{env.npm_package_name}} (v{{env.npm_package_version}})\\n\\","<!-- utility2-comment\\n\\","    </a>\\n\\","utility2-comment -->\\n\\","</h1>\\n\\","<h3>{{env.npm_package_description}}</h3>\\n\\","<!-- utility2-comment\\n\\","<h4><a download href=\"assets.app.js\">download standalone app</a></h4>\\n\\","<button class=\"onclick onreset\" id=\"testRunButton1\">run internal test</button><br>\\n\\","<div id=\"testReportDiv1\" style=\"display: none;\"></div>\\n\\","utility2-comment -->\\n\\","\\n\\","\\n\\","\\n\\","<label>stderr and stdout</label>\\n\\","<textarea class=\"resettable\" id=\"outputTextareaStdout1\" readonly></textarea>\\n\\","<!-- utility2-comment\\n\\","{{#if isRollup}}\\n\\","<script src=\"assets.app.js\"></script>\\n\\","{{#unless isRollup}}\\n\\","utility2-comment -->\\n\\","<script src=\"assets.utility2.rollup.js\"></script>\\n\\","<script src=\"jsonp.utility2._stateInit?callback=window.utility2._stateInit\"></script>\\n\\","<script src=\"assets.npmtest_wpapi.rollup.js\"></script>\\n\\","<script src=\"assets.example.js\"></script>\\n\\","<script src=\"assets.test.js\"></script>\\n\\","<!-- utility2-comment\\n\\","{{/if isRollup}}\\n\\","utility2-comment -->\\n\\","<div class=\"utility2FooterDiv\">\\n\\","    [ this app was created with\\n\\","    <a href=\"https://github.com/kaizhu256/node-utility2\" target=\"_blank\">utility2</a>\\n\\","    ]\\n\\","</div>\\n\\","</body>\\n\\","</html>\\n\\","';","        /* jslint-ignore-end */","        if (local.templateRender) {","            local.assetsDict['/'] = local.templateRender(","                local.assetsDict['/assets.index.template.html'],","                {","                    env: local.objectSetDefault(local.env, {","                        npm_package_description: 'the greatest app in the world!',","                        npm_package_name: 'my-app',","                        npm_package_nameAlias: 'my_app',","                        npm_package_version: '0.0.1'","                    })","                }","            );","        } else {","            local.assetsDict['/'] = local.assetsDict['/assets.index.template.html']","                .replace((/\\{\\{env\\.(\\w+?)\\}\\}/g), function (match0, match1) {","                    // jslint-hack","                    String(match0);","                    switch (match1) {","                    case 'npm_package_description':","                        return 'the greatest app in the world!';","                    case 'npm_package_name':","                        return 'my-app';","                    case 'npm_package_nameAlias':","                        return 'my_app';","                    case 'npm_package_version':","                        return '0.0.1';","                    }","                });","        }","        // run the cli","        if (local.global.utility2_rollup || module !== require.main) {","            break;","        }","        local.assetsDict['/assets.example.js'] =","            local.assetsDict['/assets.example.js'] ||","            local.fs.readFileSync(__filename, 'utf8');","        // bug-workaround - long $npm_package_buildCustomOrg","        /* jslint-ignore-begin */","        local.assetsDict['/assets.npmtest_wpapi.rollup.js'] =","            local.assetsDict['/assets.npmtest_wpapi.rollup.js'] ||","            local.fs.readFileSync(","                local.npmtest_wpapi.__dirname + '/lib.npmtest_wpapi.js',","                'utf8'","            ).replace((/^#!/), '//');","        /* jslint-ignore-end */","        local.assetsDict['/favicon.ico'] = local.assetsDict['/favicon.ico'] || '';","        // if $npm_config_timeout_exit exists,","        // then exit this process after $npm_config_timeout_exit ms","        if (Number(process.env.npm_config_timeout_exit)) {","            setTimeout(process.exit, Number(process.env.npm_config_timeout_exit));","        }","        // start server","        if (local.global.utility2_serverHttp1) {","            break;","        }","        process.env.PORT = process.env.PORT || '8081';","        console.error('server starting on port ' + process.env.PORT);","        local.http.createServer(function (request, response) {","            request.urlParsed = local.url.parse(request.url);","            if (local.assetsDict[request.urlParsed.pathname] !== undefined) {","                response.end(local.assetsDict[request.urlParsed.pathname]);","                return;","            }","            response.statusCode = 404;","            response.end();","        }).listen(process.env.PORT);","        break;","    }","}());",""],"l":{"26":2,"28":2,"33":2,"35":2,"37":2,"38":2,"39":2,"44":1,"51":2,"55":2,"59":2,"61":2,"69":1,"70":2,"76":2,"79":2,"82":2,"83":2,"85":1,"89":2,"92":1,"93":1,"94":1,"96":1,"97":1,"100":1,"101":1,"103":1,"106":1,"108":2,"114":1,"116":1,"118":1,"123":1,"124":2,"125":2,"126":3,"127":3,"128":3,"129":3,"130":1,"133":3,"134":3,"139":3,"143":1,"144":3,"145":1,"149":1,"150":1,"158":1,"160":1,"161":1,"162":1,"164":1,"166":1,"258":1,"259":1,"271":1,"274":6,"275":6,"277":1,"279":2,"281":1,"283":2,"288":1,"289":1,"291":1,"296":1,"303":1,"306":1,"307":1,"310":1,"311":1,"313":1,"314":1,"315":1,"316":1,"317":1,"318":1,"319":1,"321":1,"322":1,"324":1}},"/home/travis/build/npmtest/node-npmtest-wpapi/node_modules/wpapi/wpapi.js":{"path":"/home/travis/build/npmtest/node-npmtest-wpapi/node_modules/wpapi/wpapi.js","s":{"1":1,"2":1,"3":1,"4":1,"5":1,"6":1,"7":1,"8":1,"9":1,"10":1,"11":1,"12":0,"13":0,"14":0,"15":0,"16":0,"17":0,"18":0,"19":0,"20":0,"21":1,"22":0,"23":0,"24":0,"25":0,"26":0,"27":0,"28":0,"29":1,"30":1,"31":1,"32":0,"33":1,"34":0,"35":0,"36":1,"37":0,"38":0,"39":0,"40":0,"41":0,"42":1,"43":1,"44":1,"45":0,"46":0,"47":0,"48":0,"49":0,"50":0,"51":0,"52":0,"53":0,"54":0,"55":0,"56":0,"57":0,"58":0,"59":0,"60":0,"61":0,"62":1,"63":0,"64":0,"65":0,"66":1,"67":0,"68":0,"69":0,"70":0,"71":0,"72":0,"73":0,"74":0,"75":0,"76":0,"77":0,"78":0,"79":0,"80":1},"b":{"1":[0,0],"2":[0,0],"3":[0,0],"4":[0,0,0,0],"5":[0,0],"6":[0,0],"7":[0,0],"8":[0,0],"9":[0,0],"10":[0,0],"11":[0,0],"12":[0,0],"13":[0,0],"14":[0,0],"15":[0,0]},"f":{"1":0,"2":0,"3":0,"4":0,"5":0,"6":0,"7":0,"8":0,"9":0,"10":0,"11":0,"12":0,"13":0,"14":0,"15":0,"16":0},"fnMap":{"1":{"name":"WPAPI","line":64,"loc":{"start":{"line":64,"column":0},"end":{"line":64,"column":26}}},"2":{"name":"(anonymous_2)","line":148,"loc":{"start":{"line":148,"column":28},"end":{"line":148,"column":50}}},"3":{"name":"(anonymous_3)","line":158,"loc":{"start":{"line":158,"column":52},"end":{"line":158,"column":68}}},"4":{"name":"(anonymous_4)","line":213,"loc":{"start":{"line":213,"column":13},"end":{"line":213,"column":42}}},"5":{"name":"(anonymous_5)","line":234,"loc":{"start":{"line":234,"column":22},"end":{"line":234,"column":38}}},"6":{"name":"(anonymous_6)","line":249,"loc":{"start":{"line":249,"column":23},"end":{"line":249,"column":48}}},"7":{"name":"(anonymous_7)","line":309,"loc":{"start":{"line":309,"column":28},"end":{"line":309,"column":47}}},"8":{"name":"(anonymous_8)","line":331,"loc":{"start":{"line":331,"column":52},"end":{"line":331,"column":105}}},"9":{"name":"(anonymous_9)","line":334,"loc":{"start":{"line":334,"column":65},"end":{"line":334,"column":111}}},"10":{"name":"(anonymous_10)","line":349,"loc":{"start":{"line":349,"column":54},"end":{"line":349,"column":77}}},"11":{"name":"(anonymous_11)","line":374,"loc":{"start":{"line":374,"column":28},"end":{"line":374,"column":50}}},"12":{"name":"(anonymous_12)","line":393,"loc":{"start":{"line":393,"column":17},"end":{"line":393,"column":33}}},"13":{"name":"(anonymous_13)","line":401,"loc":{"start":{"line":401,"column":9},"end":{"line":401,"column":20}}},"14":{"name":"(anonymous_14)","line":409,"loc":{"start":{"line":409,"column":8},"end":{"line":409,"column":31}}},"15":{"name":"(anonymous_15)","line":417,"loc":{"start":{"line":417,"column":8},"end":{"line":417,"column":32}}},"16":{"name":"(anonymous_16)","line":424,"loc":{"start":{"line":424,"column":9},"end":{"line":424,"column":25}}}},"statementMap":{"1":{"start":{"line":18,"column":0},"end":{"line":18,"column":38}},"2":{"start":{"line":19,"column":0},"end":{"line":19,"column":57}},"3":{"start":{"line":23,"column":0},"end":{"line":23,"column":64}},"4":{"start":{"line":24,"column":0},"end":{"line":24,"column":57}},"5":{"start":{"line":25,"column":0},"end":{"line":25,"column":79}},"6":{"start":{"line":30,"column":0},"end":{"line":30,"column":29}},"7":{"start":{"line":33,"column":0},"end":{"line":33,"column":34}},"8":{"start":{"line":36,"column":0},"end":{"line":36,"column":53}},"9":{"start":{"line":39,"column":0},"end":{"line":39,"column":59}},"10":{"start":{"line":42,"column":0},"end":{"line":42,"column":54}},"11":{"start":{"line":64,"column":0},"end":{"line":93,"column":1}},"12":{"start":{"line":67,"column":1},"end":{"line":69,"column":2}},"13":{"start":{"line":68,"column":2},"end":{"line":68,"column":30}},"14":{"start":{"line":71,"column":1},"end":{"line":73,"column":2}},"15":{"start":{"line":72,"column":2},"end":{"line":72,"column":76}},"16":{"start":{"line":76,"column":1},"end":{"line":76,"column":15}},"17":{"start":{"line":78,"column":1},"end":{"line":81,"column":3}},"18":{"start":{"line":84,"column":1},"end":{"line":86,"column":2}},"19":{"start":{"line":85,"column":2},"end":{"line":85,"column":23}},"20":{"start":{"line":88,"column":1},"end":{"line":92,"column":42}},"21":{"start":{"line":148,"column":0},"end":{"line":165,"column":2}},"22":{"start":{"line":150,"column":1},"end":{"line":150,"column":30}},"23":{"start":{"line":153,"column":1},"end":{"line":155,"column":2}},"24":{"start":{"line":154,"column":2},"end":{"line":154,"column":56}},"25":{"start":{"line":158,"column":1},"end":{"line":162,"column":4}},"26":{"start":{"line":159,"column":2},"end":{"line":161,"column":3}},"27":{"start":{"line":160,"column":3},"end":{"line":160,"column":48}},"28":{"start":{"line":164,"column":1},"end":{"line":164,"column":13}},"29":{"start":{"line":176,"column":0},"end":{"line":176,"column":49}},"30":{"start":{"line":177,"column":0},"end":{"line":177,"column":33}},"31":{"start":{"line":213,"column":0},"end":{"line":218,"column":2}},"32":{"start":{"line":214,"column":1},"end":{"line":217,"column":4}},"33":{"start":{"line":234,"column":0},"end":{"line":239,"column":2}},"34":{"start":{"line":235,"column":1},"end":{"line":237,"column":4}},"35":{"start":{"line":238,"column":1},"end":{"line":238,"column":33}},"36":{"start":{"line":249,"column":0},"end":{"line":259,"column":2}},"37":{"start":{"line":250,"column":1},"end":{"line":250,"column":35}},"38":{"start":{"line":251,"column":1},"end":{"line":251,"column":43}},"39":{"start":{"line":253,"column":1},"end":{"line":253,"column":40}},"40":{"start":{"line":256,"column":1},"end":{"line":256,"column":39}},"41":{"start":{"line":258,"column":1},"end":{"line":258,"column":16}},"42":{"start":{"line":288,"column":0},"end":{"line":288,"column":48}},"43":{"start":{"line":291,"column":0},"end":{"line":291,"column":69}},"44":{"start":{"line":309,"column":0},"end":{"line":356,"column":2}},"45":{"start":{"line":310,"column":1},"end":{"line":310,"column":23}},"46":{"start":{"line":311,"column":1},"end":{"line":311,"column":34}},"47":{"start":{"line":313,"column":1},"end":{"line":323,"column":2}},"48":{"start":{"line":315,"column":2},"end":{"line":318,"column":3}},"49":{"start":{"line":316,"column":3},"end":{"line":316,"column":55}},"50":{"start":{"line":317,"column":3},"end":{"line":317,"column":77}},"51":{"start":{"line":319,"column":2},"end":{"line":319,"column":58}},"52":{"start":{"line":321,"column":2},"end":{"line":321,"column":47}},"53":{"start":{"line":322,"column":2},"end":{"line":322,"column":80}},"54":{"start":{"line":331,"column":1},"end":{"line":355,"column":11}},"55":{"start":{"line":334,"column":2},"end":{"line":341,"column":6}},"56":{"start":{"line":335,"column":3},"end":{"line":335,"column":40}},"57":{"start":{"line":336,"column":3},"end":{"line":336,"column":21}},"58":{"start":{"line":348,"column":2},"end":{"line":352,"column":3}},"59":{"start":{"line":349,"column":3},"end":{"line":351,"column":6}},"60":{"start":{"line":350,"column":4},"end":{"line":350,"column":73}},"61":{"start":{"line":354,"column":2},"end":{"line":354,"column":20}},"62":{"start":{"line":374,"column":0},"end":{"line":379,"column":2}},"63":{"start":{"line":375,"column":1},"end":{"line":377,"column":2}},"64":{"start":{"line":376,"column":2},"end":{"line":376,"column":76}},"65":{"start":{"line":378,"column":1},"end":{"line":378,"column":30}},"66":{"start":{"line":393,"column":0},"end":{"line":433,"column":2}},"67":{"start":{"line":395,"column":1},"end":{"line":395,"column":14}},"68":{"start":{"line":399,"column":1},"end":{"line":399,"column":36}},"69":{"start":{"line":400,"column":1},"end":{"line":432,"column":5}},"70":{"start":{"line":405,"column":3},"end":{"line":405,"column":20}},"71":{"start":{"line":412,"column":3},"end":{"line":412,"column":25}},"72":{"start":{"line":415,"column":3},"end":{"line":415,"column":48}},"73":{"start":{"line":419,"column":3},"end":{"line":422,"column":6}},"74":{"start":{"line":425,"column":3},"end":{"line":425,"column":24}},"75":{"start":{"line":426,"column":3},"end":{"line":430,"column":4}},"76":{"start":{"line":427,"column":4},"end":{"line":427,"column":69}},"77":{"start":{"line":428,"column":4},"end":{"line":428,"column":78}},"78":{"start":{"line":429,"column":4},"end":{"line":429,"column":38}},"79":{"start":{"line":431,"column":3},"end":{"line":431,"column":45}},"80":{"start":{"line":435,"column":0},"end":{"line":435,"column":23}}},"branchMap":{"1":{"line":67,"type":"if","locations":[{"start":{"line":67,"column":1},"end":{"line":67,"column":1}},{"start":{"line":67,"column":1},"end":{"line":67,"column":1}}]},"2":{"line":71,"type":"if","locations":[{"start":{"line":71,"column":1},"end":{"line":71,"column":1}},{"start":{"line":71,"column":1},"end":{"line":71,"column":1}}]},"3":{"line":84,"type":"if","locations":[{"start":{"line":84,"column":1},"end":{"line":84,"column":1}},{"start":{"line":84,"column":1},"end":{"line":84,"column":1}}]},"4":{"line":84,"type":"binary-expr","locations":[{"start":{"line":84,"column":6},"end":{"line":84,"column":13}},{"start":{"line":84,"column":19},"end":{"line":84,"column":35}},{"start":{"line":84,"column":39},"end":{"line":84,"column":55}},{"start":{"line":84,"column":59},"end":{"line":84,"column":72}}]},"5":{"line":92,"type":"binary-expr","locations":[{"start":{"line":92,"column":14},"end":{"line":92,"column":21}},{"start":{"line":92,"column":25},"end":{"line":92,"column":39}}]},"6":{"line":153,"type":"if","locations":[{"start":{"line":153,"column":1},"end":{"line":153,"column":1}},{"start":{"line":153,"column":1},"end":{"line":153,"column":1}}]},"7":{"line":159,"type":"if","locations":[{"start":{"line":159,"column":2},"end":{"line":159,"column":2}},{"start":{"line":159,"column":2},"end":{"line":159,"column":2}}]},"8":{"line":159,"type":"binary-expr","locations":[{"start":{"line":159,"column":7},"end":{"line":159,"column":16}},{"start":{"line":159,"column":20},"end":{"line":159,"column":36}}]},"9":{"line":250,"type":"binary-expr","locations":[{"start":{"line":250,"column":16},"end":{"line":250,"column":28}},{"start":{"line":250,"column":32},"end":{"line":250,"column":34}}]},"10":{"line":313,"type":"if","locations":[{"start":{"line":313,"column":1},"end":{"line":313,"column":1}},{"start":{"line":313,"column":1},"end":{"line":313,"column":1}}]},"11":{"line":315,"type":"if","locations":[{"start":{"line":315,"column":2},"end":{"line":315,"column":2}},{"start":{"line":315,"column":2},"end":{"line":315,"column":2}}]},"12":{"line":337,"type":"binary-expr","locations":[{"start":{"line":337,"column":5},"end":{"line":337,"column":32}},{"start":{"line":337,"column":36},"end":{"line":341,"column":3}}]},"13":{"line":348,"type":"if","locations":[{"start":{"line":348,"column":2},"end":{"line":348,"column":2}},{"start":{"line":348,"column":2},"end":{"line":348,"column":2}}]},"14":{"line":375,"type":"if","locations":[{"start":{"line":375,"column":1},"end":{"line":375,"column":1}},{"start":{"line":375,"column":1},"end":{"line":375,"column":1}}]},"15":{"line":426,"type":"if","locations":[{"start":{"line":426,"column":3},"end":{"line":426,"column":3}},{"start":{"line":426,"column":3},"end":{"line":426,"column":3}}]}},"code":["/**"," * A WP REST API client for Node.js"," *"," * @example"," *     var wp = new WPAPI({ endpoint: 'http://src.wordpress-develop.dev/wp-json' });"," *     wp.posts().then(function( posts ) {"," *         console.log( posts );"," *     }).catch(function( err ) {"," *         console.error( err );"," *     });"," *"," * @module WPAPI"," * @main WPAPI"," })"," */","'use strict';","","var extend = require( 'node.extend' );","var objectReduce = require( './lib/util/object-reduce' );","","// This JSON file provides enough data to create handler methods for all valid","// API routes in WordPress 4.7","var defaultRoutes = require( './lib/data/default-routes.json' );","var buildRouteTree = require( './lib/route-tree' ).build;","var generateEndpointFactories = require( './lib/endpoint-factories' ).generate;","","// The default endpoint factories will be lazy-loaded by parsing the default","// route tree data if a default-mode WPAPI instance is created (i.e. one that","// is to be bootstrapped with the handlers for all of the built-in routes)","var defaultEndpointFactories;","","// Constant used to detect first-party WordPress REST API routes","var apiDefaultNamespace = 'wp/v2';","","// Pull in autodiscovery methods","var autodiscovery = require( './lib/autodiscovery' );","","// Pull in base module constructors","var WPRequest = require( './lib/constructors/wp-request' );","","// Pull in default HTTP transport","var httpTransport = require( './lib/http-transport' );","","/**"," * The base constructor for the WP API service"," *"," * @class WPAPI"," * @constructor"," * @uses WPRequest"," * @param {Object} options             An options hash to configure the instance"," * @param {String} options.endpoint    The URI for a WP-API endpoint"," * @param {String} [options.username]  A WP-API Basic Auth username"," * @param {String} [options.password]  A WP-API Basic Auth password"," * @param {String} [options.nonce]     A WP nonce for use with cookie authentication"," * @param {Object} [options.routes]    A dictionary of API routes with which to"," *                                     bootstrap the WPAPI instance: the instance will"," *                                     be initialized with default routes only"," *                                     if this property is omitted"," * @param {String} [options.transport] An optional dictionary of HTTP transport"," *                                     methods (.get, .post, .put, .delete, .head)"," *                                     to use instead of the defaults, e.g. to use"," *                                     a different HTTP library than superagent"," */","function WPAPI( options ) {","","\t// Enforce `new`","\tif ( this instanceof WPAPI === false ) {","\t\treturn new WPAPI( options );","\t}","","\tif ( typeof options.endpoint !== 'string' ) {","\t\tthrow new Error( 'options hash must contain an API endpoint URL string' );","\t}","","\t// Dictionary to be filled by handlers for default namespaces","\tthis._ns = {};","","\tthis._options = {","\t\t// Ensure trailing slash on endpoint URI","\t\tendpoint: options.endpoint.replace(  /\\/?$/, '/' )","\t};","","\t// If any authentication credentials were provided, assign them now","\tif ( options && ( options.username || options.password || options.nonce ) ) {","\t\tthis.auth( options );","\t}","","\treturn this","\t\t// Configure custom HTTP transport methods, if provided","\t\t.transport( options.transport )","\t\t// Bootstrap with a specific routes object, if provided","\t\t.bootstrap( options && options.routes );","}","","/**"," * Set custom transport methods to use when making HTTP requests against the API"," *"," * Pass an object with a function for one or many of \"get\", \"post\", \"put\","," * \"delete\" and \"head\" and that function will be called when making that type"," * of request. The provided transport functions should take a WPRequest handler"," * instance (_e.g._ the result of a `wp.posts()...` chain or any other chaining"," * request handler) as their first argument; a `data` object as their second"," * argument (for POST, PUT and DELETE requests); and an optional callback as"," * their final argument. Transport methods should invoke the callback with the"," * response data (or error, as appropriate), and should also return a Promise."," *"," * @example showing how a cache hit (keyed by URI) could short-circuit a get request"," *"," *     var site = new WPAPI({"," *       endpoint: 'http://my-site.com/wp-json'"," *     });"," *"," *     // Overwrite the GET behavior to inject a caching layer"," *     site.transport({"," *       get: function( wpreq, cb ) {"," *         var result = cache[ wpreq ];"," *         // If a cache hit is found, return it via the same callback/promise"," *         // signature as the default transport method"," *         if ( result ) {"," *           if ( cb && typeof cb === 'function' ) {"," *             cb( null, result );"," *           }"," *           return Promise.resolve( result );"," *         }"," *"," *         // Delegate to default transport if no cached data was found"," *         return WPAPI.transport.get( wpreq, cb ).then(function( result ) {"," *           cache[ wpreq ] = result;"," *           return result;"," *         });"," *       }"," *     });"," *"," * This is advanced behavior; you will only need to utilize this functionality"," * if your application has very specific HTTP handling or caching requirements."," * Refer to the \"http-transport\" module within this application for the code"," * implementing the built-in transport methods."," *"," * @chainable"," * @param {Object}   transport          A dictionary of HTTP transport methods"," * @param {Function} [transport.get]    The function to use for GET requests"," * @param {Function} [transport.post]   The function to use for POST requests"," * @param {Function} [transport.put]    The function to use for PUT requests"," * @param {Function} [transport.delete] The function to use for DELETE requests"," * @param {Function} [transport.head]   The function to use for HEAD requests"," * @returns {WPAPI} The WPAPI instance, for chaining"," */","WPAPI.prototype.transport = function( transport ) {","\t// Local reference to avoid need to reference via `this` inside forEach","\tvar _options = this._options;","","\t// Create the default transport if it does not exist","\tif ( ! _options.transport ) {","\t\t_options.transport = Object.create( WPAPI.transport );","\t}","","\t// Whitelist the methods that may be applied","\t[ 'get', 'head', 'post', 'put', 'delete' ].forEach(function( key ) {","\t\tif ( transport && transport[ key ] ) {","\t\t\t_options.transport[ key ] = transport[ key ];","\t\t}","\t});","","\treturn this;","};","","/**"," * Default HTTP transport methods object for all WPAPI instances"," *"," * These methods may be extended or replaced on an instance-by-instance basis"," *"," * @static"," * @property transport"," * @type {Object}"," */","WPAPI.transport = Object.create( httpTransport );","Object.freeze( WPAPI.transport );","","/**"," * Convenience method for making a new WPAPI instance"," *"," * @example"," * These are equivalent:"," *"," *     var wp = new WPAPI({ endpoint: 'http://my.blog.url/wp-json' });"," *     var wp = WPAPI.site( 'http://my.blog.url/wp-json' );"," *"," * `WPAPI.site` can take an optional API root response JSON object to use when"," * bootstrapping the client's endpoint handler methods: if no second parameter"," * is provided, the client instance is assumed to be using the default API"," * with no additional plugins and is initialized with handlers for only those"," * default API routes."," *"," * @example"," * These are equivalent:"," *"," *     // {...} means the JSON output of http://my.blog.url/wp-json"," *     var wp = new WPAPI({"," *       endpoint: 'http://my.blog.url/wp-json',"," *       json: {...}"," *     });"," *     var wp = WPAPI.site( 'http://my.blog.url/wp-json', {...} );"," *"," * @method site"," * @static"," * @param {String} endpoint The URI for a WP-API endpoint"," * @param {Object} routes   The \"routes\" object from the JSON object returned"," *                          from the root API endpoint of a WP site, which should"," *                          be a dictionary of route definition objects keyed by"," *                          the route's regex pattern"," * @return {WPAPI} A new WPAPI instance, bound to the provided endpoint"," */","WPAPI.site = function( endpoint, routes ) {","\treturn new WPAPI({","\t\tendpoint: endpoint,","\t\troutes: routes","\t});","};","","/**"," * Generate a request against a completely arbitrary endpoint, with no assumptions about"," * or mutation of path, filtering, or query parameters. This request is not restricted to"," * the endpoint specified during WPAPI object instantiation."," *"," * @example"," * Generate a request to the explicit URL \"http://your.website.com/wp-json/some/custom/path\""," *"," *     wp.url( 'http://your.website.com/wp-json/some/custom/path' ).get()..."," *"," * @method url"," * @param {String} url The URL to request"," * @return {WPRequest} A WPRequest object bound to the provided URL"," */","WPAPI.prototype.url = function( url ) {","\tvar options = extend( {}, this._options, {","\t\tendpoint: url","\t});","\treturn new WPRequest( options );","};","","/**"," * Generate a query against an arbitrary path on the current endpoint. This is useful for"," * requesting resources at custom WP-API endpoints, such as WooCommerce's `/products`."," *"," * @method root"," * @param {String} [relativePath] An endpoint-relative path to which to bind the request"," * @return {WPRequest} A request object"," */","WPAPI.prototype.root = function( relativePath ) {","\trelativePath = relativePath || '';","\tvar options = extend( {}, this._options );","\t// Request should be","\tvar request = new WPRequest( options );","","\t// Set the path template to the string passed in","\trequest._path = { '0': relativePath };","","\treturn request;","};","","/**"," * Set the authentication to use for a WPAPI site handler instance. Accepts basic"," * HTTP authentication credentials (string username & password) or a Nonce (for"," * cookie authentication) by default; may be overloaded to accept OAuth credentials"," * in the future."," *"," * @example Basic Authentication"," *"," *     site.auth({"," *       username: 'admin',"," *       password: 'securepass55'"," *     })..."," *"," * @example Cookie/Nonce Authentication"," *"," *     site.auth({"," *       nonce: 'somenonce'"," *     })..."," *"," * @method auth"," * @chainable"," * @param {Object} credentials            An authentication credentials object"," * @param {String} [credentials.username] A WP-API Basic HTTP Authentication username"," * @param {String} [credentials.password] A WP-API Basic HTTP Authentication password"," * @param {String} [credentials.nonce]    A WP nonce for use with cookie authentication"," * @return {WPAPI} The WPAPI site handler instance, for chaining"," */","WPAPI.prototype.auth = WPRequest.prototype.auth;","","// Apply the registerRoute method to the prototype","WPAPI.prototype.registerRoute = require( './lib/wp-register-route' );","","/**"," * Deduce request methods from a provided API root JSON response object's"," * routes dictionary, and assign those methods to the current instance. If"," * no routes dictionary is provided then the instance will be bootstrapped"," * with route handlers for the default API endpoints only."," *"," * This method is called automatically during WPAPI instance creation."," *"," * @method bootstrap"," * @chainable"," * @param {Object} routes The \"routes\" object from the JSON object returned"," *                        from the root API endpoint of a WP site, which should"," *                        be a dictionary of route definition objects keyed by"," *                        the route's regex pattern"," * @return {WPAPI} The bootstrapped WPAPI client instance (for chaining or assignment)"," */","WPAPI.prototype.bootstrap = function( routes ) {","\tvar routesByNamespace;","\tvar endpointFactoriesByNamespace;","","\tif ( ! routes ) {","\t\t// Auto-generate default endpoint factories if they are not already available","\t\tif ( ! defaultEndpointFactories ) {","\t\t\troutesByNamespace = buildRouteTree( defaultRoutes );","\t\t\tdefaultEndpointFactories = generateEndpointFactories( routesByNamespace );","\t\t}","\t\tendpointFactoriesByNamespace = defaultEndpointFactories;","\t} else {","\t\troutesByNamespace = buildRouteTree( routes );","\t\tendpointFactoriesByNamespace = generateEndpointFactories( routesByNamespace );","\t}","","\t// For each namespace for which routes were identified, store the generated","\t// route handlers on the WPAPI instance's private _ns dictionary. These namespaced","\t// handler methods can be accessed by calling `.namespace( str )` on the","\t// client instance and passing a registered namespace string.","\t// Handlers for default (wp/v2) routes will also be assigned to the WPAPI","\t// client instance object itself, for brevity.","\treturn objectReduce( endpointFactoriesByNamespace, function( wpInstance, endpointFactories, namespace ) {","","\t\t// Set (or augment) the route handler factories for this namespace.","\t\twpInstance._ns[ namespace ] = objectReduce( endpointFactories, function( nsHandlers, handlerFn, methodName ) {","\t\t\tnsHandlers[ methodName ] = handlerFn;","\t\t\treturn nsHandlers;","\t\t}, wpInstance._ns[ namespace ] || {","\t\t\t// Create all namespace dictionaries with a direct reference to the main WPAPI","\t\t\t// instance's _options property so that things like auth propagate properly","\t\t\t_options: wpInstance._options","\t\t} );","","\t\t// For the default namespace, e.g. \"wp/v2\" at the time this comment was","\t\t// written, ensure all methods are assigned to the root client object itself","\t\t// in addition to the private _ns dictionary: this is done so that these","\t\t// methods can be called with e.g. `wp.posts()` and not the more verbose","\t\t// `wp.namespace( 'wp/v2' ).posts()`.","\t\tif ( namespace === apiDefaultNamespace ) {","\t\t\tObject.keys( wpInstance._ns[ namespace ] ).forEach(function( methodName ) {","\t\t\t\twpInstance[ methodName ] = wpInstance._ns[ namespace ][ methodName ];","\t\t\t});","\t\t}","","\t\treturn wpInstance;","\t}, this );","};","","/**"," * Access API endpoint handlers from a particular API namespace object"," *"," * @example"," *"," *     wp.namespace( 'myplugin/v1' ).author()..."," *"," *     // Default WP endpoint handlers are assigned to the wp instance itself."," *     // These are equivalent:"," *     wp.namespace( 'wp/v2' ).posts()..."," *     wp.posts()..."," *"," * @param {string} namespace A namespace string"," * @returns {Object} An object of route endpoint handler methods for the"," * routes within the specified namespace"," */","WPAPI.prototype.namespace = function( namespace ) {","\tif ( ! this._ns[ namespace ] ) {","\t\tthrow new Error( 'Error: namespace ' + namespace + ' is not recognized' );","\t}","\treturn this._ns[ namespace ];","};","","/**"," * Take an arbitrary WordPress site, deduce the WP REST API root endpoint, query"," * that endpoint, and parse the response JSON. Use the returned JSON response"," * to instantiate a WPAPI instance bound to the provided site."," *"," * @method discover"," * @static"," * @param {string} url A URL within a REST API-enabled WordPress website"," * @return {Promise} A promise that resolves to a configured WPAPI instance bound"," * to the deduced endpoint, or rejected if an endpoint is not found or the"," * library is unable to parse the provided endpoint."," */","WPAPI.discover = function( url ) {","\t// local placeholder for API root URL","\tvar endpoint;","","\t// Try HEAD request first, for smaller payload: use WPAPI.site to produce","\t// a request that utilizes the defined HTTP transports","\tvar req = WPAPI.site( url ).root();","\treturn req.headers()","\t\t.catch(function() {","\t\t\t// On the hypothesis that any error here is related to the HEAD request","\t\t\t// failing, provisionally try again using GET because that method is","\t\t\t// more widely supported","\t\t\treturn req.get();","\t\t})","\t\t// Inspect response to find API location header","\t\t.then( autodiscovery.locateAPIRootHeader )","\t\t.then(function( apiRootURL ) {","\t\t\t// Set the function-scope variable that will be used to instantiate","\t\t\t// the bound WPAPI instance,","\t\t\tendpoint = apiRootURL;","","\t\t\t// then GET the API root JSON object","\t\t\treturn WPAPI.site( apiRootURL ).root().get();","\t\t})","\t\t.then(function( apiRootJSON ) {","\t\t\t// Instantiate & bootstrap with the discovered methods","\t\t\treturn new WPAPI({","\t\t\t\tendpoint: endpoint,","\t\t\t\troutes: apiRootJSON.routes","\t\t\t});","\t\t})","\t\t.catch(function( err ) {","\t\t\tconsole.error( err );","\t\t\tif ( endpoint ) {","\t\t\t\tconsole.warn( 'Endpoint detected, proceeding despite error...' );","\t\t\t\tconsole.warn( 'Binding to ' + endpoint + ' and assuming default routes' );","\t\t\t\treturn new WPAPI.site( endpoint );","\t\t\t}","\t\t\tthrow new Error( 'Autodiscovery failed' );","\t\t});","};","","module.exports = WPAPI;",""],"l":{"18":1,"19":1,"23":1,"24":1,"25":1,"30":1,"33":1,"36":1,"39":1,"42":1,"64":1,"67":0,"68":0,"71":0,"72":0,"76":0,"78":0,"84":0,"85":0,"88":0,"148":1,"150":0,"153":0,"154":0,"158":0,"159":0,"160":0,"164":0,"176":1,"177":1,"213":1,"214":0,"234":1,"235":0,"238":0,"249":1,"250":0,"251":0,"253":0,"256":0,"258":0,"288":1,"291":1,"309":1,"310":0,"311":0,"313":0,"315":0,"316":0,"317":0,"319":0,"321":0,"322":0,"331":0,"334":0,"335":0,"336":0,"348":0,"349":0,"350":0,"354":0,"374":1,"375":0,"376":0,"378":0,"393":1,"395":0,"399":0,"400":0,"405":0,"412":0,"415":0,"419":0,"425":0,"426":0,"427":0,"428":0,"429":0,"431":0,"435":1}},"/home/travis/build/npmtest/node-npmtest-wpapi/node_modules/wpapi/lib/util/object-reduce.js":{"path":"/home/travis/build/npmtest/node-npmtest-wpapi/node_modules/wpapi/lib/util/object-reduce.js","s":{"1":1,"2":0,"3":0},"b":{},"f":{"1":0,"2":0},"fnMap":{"1":{"name":"(anonymous_1)","line":22,"loc":{"start":{"line":22,"column":17},"end":{"line":22,"column":57}}},"2":{"name":"(anonymous_2)","line":23,"loc":{"start":{"line":23,"column":35},"end":{"line":23,"column":57}}}},"statementMap":{"1":{"start":{"line":22,"column":0},"end":{"line":26,"column":2}},"2":{"start":{"line":23,"column":1},"end":{"line":25,"column":19}},"3":{"start":{"line":24,"column":2},"end":{"line":24,"column":43}}},"branchMap":{},"code":["'use strict';","","/**"," * Utility method to permit Array#reduce-like operations over objects"," *"," * This is likely to be slightly more inefficient than using lodash.reduce,"," * but results in ~50kb less size in the resulting bundled code before"," * minification and ~12kb of savings with minification."," *"," * U
[...]
in( __dirname, 'browser' );","","module.exports = {","\tentry: './wpapi.js',","","\tdevtool: 'source-map',","","\toutput: {","\t\tpath: outputPath,","\t\tfilename: 'wpapi.js',","\t\tlibrary: 'WPAPI',","\t\tlibraryTarget: 'umd'","\t},","","\tmodule: {","\t\tloaders: [","\t\t\t{ test: /\\.json$/, loader: 'json-loader' }","\t\t]","\t}","};",""],"l":{"3":1,"4":1,"6":1}},"/home/travis/build/npmtest/node-npmtest-wpapi/node_modules/wpapi/webpack.config.minified.js":{"path":"/home/travis/build/npmtest/node-npmtest-wpapi/node_modules/wpapi/webpack.config.minified.js","s":{"1":2,"2":0,"3":0,"4":0,"5":0,"6":0},"b":{"1":[0,0]},"f":{},"fnMap":{},"statementMap":{"1":{"start":{"line":3,"column":0},"end":{"line":3,"column":37}},"2":{"start":{"line":4,"column":0},"end":{"line":4,"column":45}},"3":{"start":{"line":7,"column":0},"end":{"line":7,"column":40}},"4":{"start":{"line":8,"column":0},"end":{"line":8,"column":38}},"5":{"start":{"line":9,"column":0},"end":{"line":13,"column":4}},"6":{"start":{"line":15,"column":0},"end":{"line":15,"column":24}}},"branchMap":{"1":{"line":8,"type":"binary-expr","locations":[{"start":{"line":8,"column":17},"end":{"line":8,"column":31}},{"start":{"line":8,"column":35},"end":{"line":8,"column":37}}]}},"code":["'use strict';","","const webpack = require( 'webpack' );","const config = require( './webpack.config' );","","// Re-use normal Webpack build config, just adding minification","config.output.filename = 'wpapi.min.js';","config.plugins = config.plugins || [];","config.plugins.push(new webpack.optimize.UglifyJsPlugin({","\tcompress: {","\t\twarnings: false","\t}","}));","","module.exports = config;",""],"l":{"3":2,"4":0,"7":0,"8":0,"9":0,"15":0}},"/home/travis/build/npmtest/node-npmtest-wpapi/node_modules/wpapi/lib/data/simplify-object.js":{"path":"/home/travis/build/npmtest/node-npmtest-wpapi/node_modules/wpapi/lib/data/simplify-object.js","s":{"1":1,"2":1,"3":0,"4":0,"5":0,"6":0,"7":0,"8":0,"9":0,"10":0,"11":0,"12":0,"13":0,"14":0,"15":0,"16":0,"17":0,"18":1},"b":{"1":[0,0],"2":[0,0,0],"3":[0,0],"4":[0,0],"5":[0,0],"6":[0,0]},"f":{"1":0,"2":0,"3":0},"fnMap":{"1":{"name":"simplifyObject","line":17,"loc":{"start":{"line":17,"column":0},"end":{"line":17,"column":31}}},"2":{"name":"(anonymous_2)","line":30,"loc":{"start":{"line":30,"column":28},"end":{"line":30,"column":57}}},"3":{"name":"(anonymous_3)","line":39,"loc":{"start":{"line":39,"column":37},"end":{"line":39,"column":74}}}},"statementMap":{"1":{"start":{"line":3,"column":0},"end":{"line":3,"column":54}},"2":{"start":{"line":17,"column":0},"end":{"line":53,"column":1}},"3":{"start":{"line":19,"column":1},"end":{"line":21,"column":2}},"4":{"start":{"line":20,"column":2},"end":{"line":20,"column":13}},"5":{"start":{"line":24,"column":1},"end":{"line":26,"column":2}},"6":{"start":{"line":25,"column":2},"end":{"line":25,"column":35}},"7":{"start":{"line":29,"column":1},"end":{"line":49,"column":2}},"8":{"start":{"line":30,"column":2},"end":{"line":48,"column":9}},"9":{"start":{"line":32,"column":3},"end":{"line":34,"column":4}},"10":{"start":{"line":33,"column":4},"end":{"line":33,"column":18}},"11":{"start":{"line":38,"column":3},"end":{"line":46,"column":4}},"12":{"start":{"line":39,"column":4},"end":{"line":42,"column":11}},"13":{"start":{"line":40,"column":5},"end":{"line":40,"column":29}},"14":{"start":{"line":41,"column":5},"end":{"line":41,"column":21}},"15":{"start":{"line":45,"column":4},"end":{"line":45,"column":49}},"16":{"start":{"line":47,"column":3},"end":{"line":47,"column":17}},"17":{"start":{"line":52,"column":1},"end":{"line":52,"column":12}},"18":{"start":{"line":55,"column":0},"end":{"line":55,"column":32}}},"branchMap":{"1":{"line":19,"type":"if","locations":[{"start":{"line":19,"column":1},"end":{"line":19,"column":1}},{"start":{"line":19,"column":1},"end":{"line":19,"column":1}}]},"2":{"line":19,"type":"binary-expr","locations":[{"start":{"line":19,"column":6},"end":{"line":19,"column":11}},{"start":{"line":19,"column":15},"end":{"line":19,"column":34}},{"start":{"line":19,"column":38},"end":{"line":19,"column":59}}]},"3":{"line":24,"type":"if","locations":[{"start":{"line":24,"column":1},"end":{"line":24,"column":1}},{"start":{"line":24,"column":1},"end":{"line":24,"column":1}}]},"4":{"line":29,"type":"if","locations":[{"start":{"line":29,"column":1},"end":{"line":29,"column":1}},{"start":{"line":29,"column":1},"end":{"line":29,"column":1}}]},"5":{"line":32,"type":"if","locations":[{"start":{"line":32,"column":3},"end":{"line":32,"column":3}},{"start":{"line":32,"column":3},"end":{"line":32,"column":3}}]},"6":{"line":38,"type":"if","locations":[{"start":{"line":38,"column":3},"end":{"line":38,"column":3}},{"start":{"line":38,"column":3},"end":{"line":38,"column":3}}]}},"code":["'use strict';","","var objectReduce = require( '../util/object-reduce' );","","/**"," * Walk through the keys and values of a provided object, removing any properties"," * which would be inessential to the generation of the route tree used to deduce"," * route handlers from a `wp-json/` root API endpoint. This module is not used by"," * the wpapi module itself, but is rather a dependency of the script that is used"," * to create the `endpoint-response.json` file that is shipped along with this"," * module for use in generating the \"default\" routes."," *"," * @param {*} obj An arbitrary JS value, probably an object"," * @returns {*} The passed-in value, with non-essential args properties and all"," * _links properties removes."," */","function simplifyObject( obj ) {","\t// Pass through falsy values, Dates and RegExp values without modification","\tif ( ! obj || obj instanceof Date || obj instanceof RegExp ) {","\t\treturn obj;","\t}","","\t// Map arrays through simplifyObject","\tif ( Array.isArray( obj ) ) {","\t\treturn obj.map( simplifyObject );","\t}","","\t// Reduce through objects to run each property through simplifyObject","\tif ( typeof obj === 'object' ) {","\t\treturn objectReduce( obj, function( newObj, val, key ) {","\t\t\t// Omit _links objects entirely","\t\t\tif ( key === '_links' ) {","\t\t\t\treturn newObj;","\t\t\t}","","\t\t\t// If the key is \"args\", omit all keys of second-level descendants","\t\t\t// other than \"required\"","\t\t\tif ( key === 'args' ) {","\t\t\t\tnewObj.args = objectReduce( val, function( slimArgs, argVal, argKey ) {","\t\t\t\t\tslimArgs[ argKey ] = {};","\t\t\t\t\treturn slimArgs;","\t\t\t\t}, {});","\t\t\t} else {","\t\t\t\t// Pass all other objects through simplifyObject","\t\t\t\tnewObj[ key ] = simplifyObject( obj[ key ] );","\t\t\t}","\t\t\treturn newObj;","\t\t}, {});","\t}","","\t// All other types pass through without modification","\treturn obj;","}","","module.exports = simplifyObject;",""],"l":{"3":1,"17":1,"19":0,"20":0,"24":0,"25":0,"29":0,"30":0,"32":0,"33":0,"38":0,"39":0,"40":0,"41":0,"45":0,"47":0,"52":0,"55":1}},"/home/travis/build/npmtest/node-npmtest-wpapi/node_modules/wpapi/lib/data/update-default-routes-json.js":{"path":"/home/travis/build/npmtest/node-npmtest-wpapi/node_modules/wpapi/lib/data/update-default-routes-json.js","s":{"1":2,"2":2,"3":2,"4":2,"5":2,"6":2,"7":2,"8":0,"9":0,"10":1,"11":0,"12":0,"13":0,"14":0,"15":0,"16":0,"17":0,"18":0,"19":0,"20":0,"21":0,"22":0,"23":0,"24":0,"25":0,"26":0,"27":0,"28":0,"29":0,"30":0,"31":0,"32":0,"33":0,"34":0,"35":0,"36":0,"37":0,"38":0,"39":0,"40":0,"41":0},"b":{"1":[0,0],"2":[0,0],"3":[0,0],"4":[0,0],"5":[0,0],"6":[0,0],"7":[0,0],"8":[0,0],"9":[0,0],"10":[0,0],"11":[0,0],"12":[0,0]},"f":{"1":0,"2":0,"3":0,"4":0,"5":0},"fnMap":{"1":{"name":"getJSON","line":86,"loc":{"start":{"line":86,"column":0},"end":{"line":86,"column":25}}},"2":{"name":"(anonymous_2)","line":90,"loc":{"start":{"line":90,"column":7},"end":{"line":90,"column":28}}},"3":{"name":"(anonymous_3)","line":124,"loc":{"start":{"line":124,"column":21},"end":{"line":124,"column":44}}},"4":{"name":"(anonymous_4)","line":132,"loc":{"start":{"line":132,"column":9},"end":{"line":132,"column":30}}},"5":{"name":"(anonymous_5)","line":140,"loc":{"start":{"line":140,"column":60},"end":{"line":140,"column":76}}}},"statementMap":{"1":{"start":{"line":2,"column":0},"end":{"line":2,"column":3}},"2":{"start":{"line":63,"column":0},"end":{"line":63,"column":13}},"3":{"start":{"line":65,"column":0},"end":{"line":65,"column":36}},"4":{"start":{"line":66,"column":0},"end":{"line":66,"column":25}},"5":{"start":{"line":67,"column":0},"end":{"line":67,"column":29}},"6":{"start":{"line":68,"column":0},"end":{"line":68,"column":52}},"7":{"start":{"line":71,"column":0},"end":{"line":71,"column":60}},"8":{"start":{"line":76,"column":0},"end":{"line":79,"column":28}},"9":{"start":{"line":82,"column":0},"end":{"line":82,"column":59}},"10":{"start":{"line":86,"column":0},"end":{"line":111,"column":1}},"11":{"start":{"line":87,"column":1},"end":{"line":110,"column":5}},"12":{"start":{"line":92,"column":3},"end":{"line":101,"column":4}},"13":{"start":{"line":93,"column":4},"end":{"line":93,"column":81}},"14":{"start":{"line":94,"column":4},"end":{"line":96,"column":5}},"15":{"start":{"line":95,"column":5},"end":{"line":95,"column":44}},"16":{"start":{"line":97,"column":4},"end":{"line":99,"column":5}},"17":{"start":{"line":98,"column":5},"end":{"line":98,"column":41}},"18":{"start":{"line":100,"column":4},"end":{"line":100,"column":29}},"19":{"start":{"line":103,"column":3},"end":{"line":107,"column":4}},"20":{"start":{"line":104,"column":4},"end":{"line":104,"column":91}},"21":{"start":{"line":105,"column":4},"end":{"line":105,"column":58}},"22":{"start":{"line":106,"column":4},"end":{"line":106,"column":29}},"23":{"start":{"line":109,"column":3},"end":{"line":109,"column":15}},"24":{"start":{"line":117,"column":0},"end":{"line":122,"column":1}},"25":{"start":{"line":118,"column":1},"end":{"line":118,"column":41}},"26":{"start":{"line":119,"column":1},"end":{"line":120,"column":71}},"27":{"start":{"line":121,"column":1},"end":{"line":121,"column":19}},"28":{"start":{"line":124,"column":0},"end":{"line":148,"column":3}},"29":{"start":{"line":125,"column":1},"end":{"line":129,"column":2}},"30":{"start":{"line":126,"column":2},"end":{"line":126,"column":44}},"31":{"start":{"line":127,"column":2},"end":{"line":127,"column":96}},"32":{"start":{"line":128,"column":2},"end":{"line":128,"column":20}},"33":{"start":{"line":132,"column":1},"end":{"line":147,"column":4}},"34":{"start":{"line":134,"column":2},"end":{"line":134,"column":67}},"35":{"start":{"line":136,"column":2},"end":{"line":136,"column":55}},"36":{"start":{"line":139,"column":2},"end":{"line":139,"column":70}},"37":{"start":{"line":140,"column":2},"end":{"line":146,"column":5}},"38":{"start":{"line":141,"column":3},"end":{"line":144,"column":4}},"39":{"start":{"line":142,"column":4},"end":{"line":142,"column":80}},"40":{"start":{"line":143,"column":4},"end":{"line":143,"column":29}},"41":{"start":{"line":145,"column":3},"end":{"line":145,"column":59}}},"branchMap":{"1":{"line":76,"type":"cond-expr","locations":[{"start":{"line":78,"column":1},"end":{"line":78,"column":81}},{"start":{"line":79,"column":1},"end":{"line":79,"column":27}}]},"2":{"line":78,"type":"cond-expr","locations":[{"start":{"line":78,"column":28},"end":{"line":78,"column":39}},{"start":{"line":78,"column":42},"end":{"line":78,"column":81}}]},"3":{"line":82,"type":"binary-expr","locations":[{"start":{"line":82,"column":15},"end":{"line":82,"column":28}},{"start":{"line":82,"column":32},"end":{"line":82,"column":58}}]},"4":{"line":92,"type":"if","locations":[{"start":{"line":92,"column":3},"end":{"line":92,"column":3}},{"start":{"line":92,"column":3},"end":{"line":92,"column":3}}]},"5":{"line":94,"type":"if","locations":[{"start":{"line":94,"column":4},"end":{"line":94,"column":4}},{"start":{"line":94,"column":4},"end":{"line":94,"column":4}}]},"6":{"line":97,"type":"if","locations":[{"start":{"line":97,"column":4},"end":{"line":97,"column":4}},{"start":{"line":97,"column":4},"end":{"line":97,"column":4}}]},"7":{"line":97,"type":"binary-expr","locations":[{"start":{"line":97,"column":9},"end":{"line":97,"column":21}},{"start":{"line":97,"column":25},"end":{"line":97,"column":43}}]},"8":{"line":103,"type":"if","locations":[{"start":{"line":103,"column":3},"end":{"line":103,"column":3}},{"start":{"line":103,"column":3},"end":{"line":103,"column":3}}]},"9":{"line":117,"type":"if","locations":[{"start":{"line":117,"column":0},"end":{"line":117,"column":0}},{"start":{"line":117,"column":0},"end":{"line":117,"column":0}}]},"10":{"line":125,"type":"if","locations":[{"start":{"line":125,"column":1},"end":{"line":125,"column":1}},{"start":{"line":125,"column":1},"end":{"line":125,"column":1}}]},"11":{"line":125,"type":"binary-expr","locations":[{"start":{"line":125,"column":6},"end":{"line":125,"column":9}},{"start":{"line":125,"column":13},"end":{"line":125,"column":34}}]},"12":{"line":141,"type":"if","locations":[{"start":{"line":141,"column":3},"end":{"line":141,"column":3}},{"start":{"line":141,"column":3},"end":{"line":141,"column":3}}]}},"code":["//#!/bin/sh","':' //; exec \"$(command -v nodejs || command -v node)\" \"$0\" \"$@\"","// ^^^ Lovely polyglot script to permit usage via node _or_ via bash: see","// http://unix.stackexchange.com/questions/65235/universal-node-js-shebang","","/**"," * To avoid requiring that auto-discovery be utilized every time the API client"," * is initialized, this library ships with a built-in route definition from a"," * vanilla WordPress REST API installation. That file may be updated by"," * installing the API plugin on a clean WP development instance, with no other"," * plugins running, and downloading the JSON output from `yourwpsite.com/wp-json/`"," * into the \"default-routes.json\" file in this directory."," *"," * That file can also be generated by running this script against the same live"," * WP REST API instance to download that same file, the difference being that,"," * if the `default-routes.json` file is downloaded through this script, it"," * will be run through the `simplifyObject` utility to cut out about 1/3 of the"," * bytes of the response by removing properties that do not effect route generation."," *"," * This script is NOT intended to be a dependency of any part of wp.js, and is"," * provided purely as a utility for upgrading the built-in copy of the endpoint"," * response JSON file that is used to bootstrap the default route handlers."," *"," * @example"," *"," *     # Invoke directly, run against default endpoint (details below)"," *     ./update-default-routes-json.js"," *"," *     # Invoke with `node` CLI, run against default endpoint"," *     node ./update-default-routes-json --endpoint=http://my-site.com/wp-json"," *"," * This script runs against http://wpapi.loc/wp-json by default, but it can be"," * run against an arbitrary WordPress REST API endpoint by passing the --endpoint"," * argument on the CLI:"," *"," * @example"," *"," *     # Invoke directly, run against an arbitrary WordPress API root"," *     ./update-default-routes-json.js --endpoint=http://my-site.com/wp-json"," *"," *     # Invoke with `node` CLI, run against an arbitrary WordPress API root"," *     node ./update-default-routes-json --endpoint=http://my-site.com/wp-json"," *"," * Either form will update the `default-routes.json` file in this directory,"," * providing that the endpoint data is downloaded successfully."," *"," * This script also has some utility for downloading a custom JSON file for your"," * own WP REST API-enabled site, so that you can bootstrap your own routes without"," * incurring an HTTP request. To output to a different directory than the default"," * (which is this directory, `lib/data/`), pass an --output argument on the CLI:"," *"," * @example"," *"," *     # Output to your current working directory"," *     ./path/to/this/dir/update-default-routes-json.js --output=."," *"," *     # Output to an arbitrary absolute path"," *     ./path/to/this/dir/update-default-routes-json.js --output=/home/mordor/output.json"," *"," * These command-line flags may be combined, and you will usually want to use"," * --endpoint alongside --output to download your own JSON into your own directory."," */","'use strict';","","var agent = require( 'superagent' );","var fs = require( 'fs' );","var path = require( 'path' );","var simplifyObject = require( './simplify-object' );","","// Parse the arguments object","var argv = require( 'minimist' )( process.argv.slice( 2 ) );","","// The output directory defaults to the lib/data directory. To customize it,","// specify your own directory with --output=your/output/directory (supports","// both relative and absolute paths)","var outputPath = argv.output ?","\t// Nested ternary, don't try this at home: this is to support absolute paths","\targv.output[ 0 ] === '/' ? argv.output : path.join( process.cwd(), argv.output ) :","\tpath.dirname( __filename );","","// Specify your own API endpoint with --endpoint=http://your-endpoint.com/wp-json","var endpoint = argv.endpoint || 'http://wpapi.loc/wp-json';","","// This directory will be called to kick off the JSON download: it uses","// superagent internally for HTTP transport that respects HTTP redirects.","function getJSON( cbFn ) {","\tagent","\t\t.get( endpoint )","\t\t.set( 'Accept', 'application/json' )","\t\t.end(function( err, res ) {","\t\t\t// Inspect the error and then the response to infer various error states","\t\t\tif ( err ) {","\t\t\t\tconsole.error( '\\nSomething went wrong! Could not download endpoint JSON.' );","\t\t\t\tif ( err.status ) {","\t\t\t\t\tconsole.error( 'Error ' + err.status );","\t\t\t\t}","\t\t\t\tif ( err.response && err.response.error ) {","\t\t\t\t\tconsole.error( err.response.error );","\t\t\t\t}","\t\t\t\treturn process.exit( 1 );","\t\t\t}","","\t\t\tif ( res.type !== 'application/json' ) {","\t\t\t\tconsole.error( '\\nError: expected response type \"application/json\", got ' + res.type );","\t\t\t\tconsole.error( 'Could not save default-routes.json' );","\t\t\t\treturn process.exit( 1 );","\t\t\t}","","\t\t\tcbFn( res );","\t\t});","}","","// The only assumption we want to make about the URL is that it should be a web","// URL of _some_ sort, which generally means it has \"http\" in it somewhere. We","// can't assume much else due to how customizable the location of API root is","// within your WP install.","if ( ! /http/i.test( endpoint ) ) {","\tconsole.error( '\\nError: ' + endpoint );","\tconsole.error( 'This does not appear to be a valid URL. Please double-check the URL format\\n' +","\t\t'(should be e.g. \"http://your-domain.com/wp-json\") and try again.' );","\tprocess.exit( 1 );","}","","fs.stat( outputPath, function( err, stats ) {","\tif ( err || ! stats.isDirectory() ) {","\t\tconsole.error( '\\nError: ' + outputPath );","\t\tconsole.error( 'This is not a valid directory. Please double-check the path and try again.' );","\t\tprocess.exit( 1 );","\t}","","\t// If we made it this far, our arguments look good! Carry on.","\tgetJSON(function( response ) {","\t\t// Extract the JSON","\t\tvar endpointJSON = JSON.parse( JSON.stringify( response.body ) );","\t\t// Simplify the JSON structure and pick out the routes dictionary","\t\tvar slimJSON = simplifyObject( endpointJSON ).routes;","","\t\t// Save the file","\t\tvar outputFilePath = path.join( outputPath, 'default-routes.json' );","\t\tfs.writeFile( outputFilePath, JSON.stringify( slimJSON ), function( err ) {","\t\t\tif ( err ) {","\t\t\t\tconsole.error( '\\nSomething went wrong! Could not save ' + outputFilePath );","\t\t\t\treturn process.exit( 1 );","\t\t\t}","\t\t\tconsole.log( '\\nSuccessfully saved ' + outputFilePath );","\t\t});","\t});","});",""],"l":{"2":2,"63":2,"65":2,"66":2,"67":2,"68":2,"71":2,"76":0,"82":0,"86":1,"87":0,"92":0,"93":0,"94":0,"95":0,"97":0,"98":0,"100":0,"103":0,"104":0,"105":0,"106":0,"109":0,"117":0,"118":0,"119":0,"121":0,"124":0,"125":0,"126":0,"127":0,"128":0,"132":0,"134":0,"136":0,"139":0,"140":0,"141":0,"142":0,"143":0,"145":0}}}